[0.000000] (-) TimerEvent: {}
[0.000483] (micro_ros_setup) JobQueued: {'identifier': 'micro_ros_setup', 'dependencies': OrderedDict()}
[0.000510] (micro_ros_setup) JobStarted: {'identifier': 'micro_ros_setup'}
[0.004566] (micro_ros_setup) JobProgress: {'identifier': 'micro_ros_setup', 'progress': 'cmake'}
[0.004652] (micro_ros_setup) Command: {'cmd': ['/usr/bin/cmake', '/workspaces/citros_px4/microros_ws/src/micro_ros_setup', '-DCMAKE_INSTALL_PREFIX=/workspaces/citros_px4/microros_ws/install/micro_ros_setup'], 'cwd': '/workspaces/citros_px4/microros_ws/build/micro_ros_setup', 'env': OrderedDict([('LESSOPEN', '| /usr/bin/lesspipe %s'), ('HOSTNAME', 'lulav'), ('SHLVL', '2'), ('LIBGL_ALWAYS_SOFTWARE', '1'), ('LD_LIBRARY_PATH', '/usr/lib/x86_64-linux-gnu/gazebo-11/plugins:/opt/ros/humble/opt/rviz_ogre_vendor/lib:/opt/ros/humble/lib/x86_64-linux-gnu:/opt/ros/humble/lib'), ('HOME', '/home/ros'), ('OLDPWD', '/workspaces/citros_px4'), ('ROS_PYTHON_VERSION', '3'), ('REMOTE_CONTAINERS', 'true'), ('WAYLAND_DISPLAY', ''), ('COLCON_PREFIX_PATH', '/opt/ros/humble'), ('ROS_DISTRO', 'humble'), ('REMOTE_CONTAINERS_IPC', '/tmp/vscode-remote-containers-ipc-86199b87-3858-44c8-9b03-37d620d67a43.sock'), ('PULSE_SERVER', ''), ('_', '/usr/bin/colcon'), ('ROS_VERSION', '2'), ('NVIDIA_DRIVER_CAPABILITIES', 'graphics,utility,compute'), ('TERM', 'xterm'), ('ROS_LOCALHOST_ONLY', '0'), ('QT_X11_NO_MITSHM', '1'), ('PATH', '/opt/ros/humble/bin:/usr/local/sbin:/usr/local/bin:/usr/sbin:/usr/bin:/sbin:/bin'), ('XDG_RUNTIME_DIR', '/run/user/1000'), ('COM_RCL_EXCEPT', '4'), ('REMOTE_CONTAINERS_SOCKETS', '["/tmp/vscode-ssh-auth-86199b87-3858-44c8-9b03-37d620d67a43.sock","/tmp/.X11-unix/X11","/home/ros/.gnupg/S.gpg-agent"]'), ('DISPLAY', ':1'), ('LANG', 'en_US.UTF-8'), ('LS_COLORS', ''), ('SSH_AUTH_SOCK', '/tmp/vscode-ssh-auth-86199b87-3858-44c8-9b03-37d620d67a43.sock'), ('AMENT_PREFIX_PATH', '/opt/ros/humble'), ('DEBIAN_FRONTEND', 'noninteractive'), ('REMOTE_CONTAINERS_DISPLAY_SOCK', '/tmp/.X11-unix/X11'), ('LESSCLOSE', '/usr/bin/lesspipe %s %s'), ('PWD', '/workspaces/citros_px4/microros_ws/build/micro_ros_setup'), ('PYTHONPATH', '/opt/ros/humble/lib/python3.10/site-packages:/opt/ros/humble/local/lib/python3.10/dist-packages:/opt/ros/humble/lib/python3.8/site-packages'), ('NVIDIA_VISIBLE_DEVICES', 'all'), ('COLCON', '1'), ('CMAKE_PREFIX_PATH', '/opt/ros/humble')]), 'shell': False}
[0.053592] (micro_ros_setup) StdoutLine: {'line': b'-- The C compiler identification is GNU 11.2.0\n'}
[0.088938] (micro_ros_setup) StdoutLine: {'line': b'-- The CXX compiler identification is GNU 11.2.0\n'}
[0.095809] (micro_ros_setup) StdoutLine: {'line': b'-- Detecting C compiler ABI info\n'}
[0.098156] (-) TimerEvent: {}
[0.136765] (micro_ros_setup) StdoutLine: {'line': b'-- Detecting C compiler ABI info - done\n'}
[0.140727] (micro_ros_setup) StdoutLine: {'line': b'-- Check for working C compiler: /usr/bin/cc - skipped\n'}
[0.141039] (micro_ros_setup) StdoutLine: {'line': b'-- Detecting C compile features\n'}
[0.141258] (micro_ros_setup) StdoutLine: {'line': b'-- Detecting C compile features - done\n'}
[0.143765] (micro_ros_setup) StdoutLine: {'line': b'-- Detecting CXX compiler ABI info\n'}
[0.186011] (micro_ros_setup) StdoutLine: {'line': b'-- Detecting CXX compiler ABI info - done\n'}
[0.190490] (micro_ros_setup) StdoutLine: {'line': b'-- Check for working CXX compiler: /usr/bin/c++ - skipped\n'}
[0.190639] (micro_ros_setup) StdoutLine: {'line': b'-- Detecting CXX compile features\n'}
[0.190745] (micro_ros_setup) StdoutLine: {'line': b'-- Detecting CXX compile features - done\n'}
[0.195489] (micro_ros_setup) StdoutLine: {'line': b'-- Found ament_cmake: 1.3.2 (/opt/ros/humble/share/ament_cmake/cmake)\n'}
[0.198234] (-) TimerEvent: {}
[0.298525] (-) TimerEvent: {}
[0.299107] (micro_ros_setup) StdoutLine: {'line': b'-- Found Python3: /usr/bin/python3.10 (found version "3.10.6") found components: Interpreter \n'}
[0.354803] (micro_ros_setup) StdoutLine: {'line': b'-- Found ament_lint_auto: 0.12.4 (/opt/ros/humble/share/ament_lint_auto/cmake)\n'}
[0.398723] (-) TimerEvent: {}
[0.403017] (micro_ros_setup) StdoutLine: {'line': b"-- Added test 'copyright' to check source files copyright and LICENSE\n"}
[0.408466] (micro_ros_setup) StdoutLine: {'line': b"-- Added test 'flake8' to check Python code syntax and style conventions\n"}
[0.409214] (micro_ros_setup) StdoutLine: {'line': b"-- Added test 'lint_cmake' to check CMake code style\n"}
[0.409666] (micro_ros_setup) StdoutLine: {'line': b"-- Added test 'pep257' to check Python code against some of the docstring style conventions in PEP 257\n"}
[0.412596] (micro_ros_setup) StdoutLine: {'line': b"-- Added test 'xmllint' to check XML markup files\n"}
[0.413386] (micro_ros_setup) StdoutLine: {'line': b'-- Configuring done\n'}
[0.414823] (micro_ros_setup) StdoutLine: {'line': b'-- Generating done\n'}
[0.415301] (micro_ros_setup) StdoutLine: {'line': b'-- Build files have been written to: /workspaces/citros_px4/microros_ws/build/micro_ros_setup\n'}
[0.418312] (micro_ros_setup) CommandEnded: {'returncode': 0}
[0.419292] (micro_ros_setup) JobProgress: {'identifier': 'micro_ros_setup', 'progress': 'build'}
[0.419311] (micro_ros_setup) Command: {'cmd': ['/usr/bin/cmake', '--build', '/workspaces/citros_px4/microros_ws/build/micro_ros_setup', '--', '-j20', '-l20'], 'cwd': '/workspaces/citros_px4/microros_ws/build/micro_ros_setup', 'env': OrderedDict([('LESSOPEN', '| /usr/bin/lesspipe %s'), ('HOSTNAME', 'lulav'), ('SHLVL', '2'), ('LIBGL_ALWAYS_SOFTWARE', '1'), ('LD_LIBRARY_PATH', '/usr/lib/x86_64-linux-gnu/gazebo-11/plugins:/opt/ros/humble/opt/rviz_ogre_vendor/lib:/opt/ros/humble/lib/x86_64-linux-gnu:/opt/ros/humble/lib'), ('HOME', '/home/ros'), ('OLDPWD', '/workspaces/citros_px4'), ('ROS_PYTHON_VERSION', '3'), ('REMOTE_CONTAINERS', 'true'), ('WAYLAND_DISPLAY', ''), ('COLCON_PREFIX_PATH', '/opt/ros/humble'), ('ROS_DISTRO', 'humble'), ('REMOTE_CONTAINERS_IPC', '/tmp/vscode-remote-containers-ipc-86199b87-3858-44c8-9b03-37d620d67a43.sock'), ('PULSE_SERVER', ''), ('_', '/usr/bin/colcon'), ('ROS_VERSION', '2'), ('NVIDIA_DRIVER_CAPABILITIES', 'graphics,utility,compute'), ('TERM', 'xterm'), ('ROS_LOCALHOST_ONLY', '0'), ('QT_X11_NO_MITSHM', '1'), ('PATH', '/opt/ros/humble/bin:/usr/local/sbin:/usr/local/bin:/usr/sbin:/usr/bin:/sbin:/bin'), ('XDG_RUNTIME_DIR', '/run/user/1000'), ('COM_RCL_EXCEPT', '4'), ('REMOTE_CONTAINERS_SOCKETS', '["/tmp/vscode-ssh-auth-86199b87-3858-44c8-9b03-37d620d67a43.sock","/tmp/.X11-unix/X11","/home/ros/.gnupg/S.gpg-agent"]'), ('DISPLAY', ':1'), ('LANG', 'en_US.UTF-8'), ('LS_COLORS', ''), ('SSH_AUTH_SOCK', '/tmp/vscode-ssh-auth-86199b87-3858-44c8-9b03-37d620d67a43.sock'), ('AMENT_PREFIX_PATH', '/opt/ros/humble'), ('DEBIAN_FRONTEND', 'noninteractive'), ('REMOTE_CONTAINERS_DISPLAY_SOCK', '/tmp/.X11-unix/X11'), ('LESSCLOSE', '/usr/bin/lesspipe %s %s'), ('PWD', '/workspaces/citros_px4/microros_ws/build/micro_ros_setup'), ('PYTHONPATH', '/opt/ros/humble/lib/python3.10/site-packages:/opt/ros/humble/local/lib/python3.10/dist-packages:/opt/ros/humble/lib/python3.8/site-packages'), ('NVIDIA_VISIBLE_DEVICES', 'all'), ('COLCON', '1'), ('CMAKE_PREFIX_PATH', '/opt/ros/humble')]), 'shell': False}
[0.439199] (micro_ros_setup) CommandEnded: {'returncode': 0}
[0.450092] (micro_ros_setup) JobProgress: {'identifier': 'micro_ros_setup', 'progress': 'install'}
[0.454833] (micro_ros_setup) Command: {'cmd': ['/usr/bin/cmake', '--install', '/workspaces/citros_px4/microros_ws/build/micro_ros_setup'], 'cwd': '/workspaces/citros_px4/microros_ws/build/micro_ros_setup', 'env': OrderedDict([('LESSOPEN', '| /usr/bin/lesspipe %s'), ('HOSTNAME', 'lulav'), ('SHLVL', '2'), ('LIBGL_ALWAYS_SOFTWARE', '1'), ('LD_LIBRARY_PATH', '/usr/lib/x86_64-linux-gnu/gazebo-11/plugins:/opt/ros/humble/opt/rviz_ogre_vendor/lib:/opt/ros/humble/lib/x86_64-linux-gnu:/opt/ros/humble/lib'), ('HOME', '/home/ros'), ('OLDPWD', '/workspaces/citros_px4'), ('ROS_PYTHON_VERSION', '3'), ('REMOTE_CONTAINERS', 'true'), ('WAYLAND_DISPLAY', ''), ('COLCON_PREFIX_PATH', '/opt/ros/humble'), ('ROS_DISTRO', 'humble'), ('REMOTE_CONTAINERS_IPC', '/tmp/vscode-remote-containers-ipc-86199b87-3858-44c8-9b03-37d620d67a43.sock'), ('PULSE_SERVER', ''), ('_', '/usr/bin/colcon'), ('ROS_VERSION', '2'), ('NVIDIA_DRIVER_CAPABILITIES', 'graphics,utility,compute'), ('TERM', 'xterm'), ('ROS_LOCALHOST_ONLY', '0'), ('QT_X11_NO_MITSHM', '1'), ('PATH', '/opt/ros/humble/bin:/usr/local/sbin:/usr/local/bin:/usr/sbin:/usr/bin:/sbin:/bin'), ('XDG_RUNTIME_DIR', '/run/user/1000'), ('COM_RCL_EXCEPT', '4'), ('REMOTE_CONTAINERS_SOCKETS', '["/tmp/vscode-ssh-auth-86199b87-3858-44c8-9b03-37d620d67a43.sock","/tmp/.X11-unix/X11","/home/ros/.gnupg/S.gpg-agent"]'), ('DISPLAY', ':1'), ('LANG', 'en_US.UTF-8'), ('LS_COLORS', ''), ('SSH_AUTH_SOCK', '/tmp/vscode-ssh-auth-86199b87-3858-44c8-9b03-37d620d67a43.sock'), ('AMENT_PREFIX_PATH', '/opt/ros/humble'), ('DEBIAN_FRONTEND', 'noninteractive'), ('REMOTE_CONTAINERS_DISPLAY_SOCK', '/tmp/.X11-unix/X11'), ('LESSCLOSE', '/usr/bin/lesspipe %s %s'), ('PWD', '/workspaces/citros_px4/microros_ws/build/micro_ros_setup'), ('PYTHONPATH', '/opt/ros/humble/lib/python3.10/site-packages:/opt/ros/humble/local/lib/python3.10/dist-packages:/opt/ros/humble/lib/python3.8/site-packages'), ('NVIDIA_VISIBLE_DEVICES', 'all'), ('COLCON', '1'), ('CMAKE_PREFIX_PATH', '/opt/ros/humble')]), 'shell': False}
[0.458281] (micro_ros_setup) StdoutLine: {'line': b'-- Install configuration: ""\n'}
[0.458357] (micro_ros_setup) StdoutLine: {'line': b'-- Installing: /workspaces/citros_px4/microros_ws/install/micro_ros_setup/share/ament_index/resource_index/package_run_dependencies/micro_ros_setup\n'}
[0.458522] (micro_ros_setup) StdoutLine: {'line': b'-- Installing: /workspaces/citros_px4/microros_ws/install/micro_ros_setup/share/ament_index/resource_index/parent_prefix_path/micro_ros_setup\n'}
[0.458584] (micro_ros_setup) StdoutLine: {'line': b'-- Installing: /workspaces/citros_px4/microros_ws/install/micro_ros_setup/share/micro_ros_setup/environment/ament_prefix_path.sh\n'}
[0.458621] (micro_ros_setup) StdoutLine: {'line': b'-- Installing: /workspaces/citros_px4/microros_ws/install/micro_ros_setup/share/micro_ros_setup/environment/ament_prefix_path.dsv\n'}
[0.458676] (micro_ros_setup) StdoutLine: {'line': b'-- Installing: /workspaces/citros_px4/microros_ws/install/micro_ros_setup/share/micro_ros_setup/environment/path.sh\n'}
[0.458729] (micro_ros_setup) StdoutLine: {'line': b'-- Installing: /workspaces/citros_px4/microros_ws/install/micro_ros_setup/share/micro_ros_setup/environment/path.dsv\n'}
[0.458757] (micro_ros_setup) StdoutLine: {'line': b'-- Installing: /workspaces/citros_px4/microros_ws/install/micro_ros_setup/share/micro_ros_setup/local_setup.bash\n'}
[0.458784] (micro_ros_setup) StdoutLine: {'line': b'-- Installing: /workspaces/citros_px4/microros_ws/install/micro_ros_setup/share/micro_ros_setup/local_setup.sh\n'}
[0.458810] (micro_ros_setup) StdoutLine: {'line': b'-- Installing: /workspaces/citros_px4/microros_ws/install/micro_ros_setup/share/micro_ros_setup/local_setup.zsh\n'}
[0.458836] (micro_ros_setup) StdoutLine: {'line': b'-- Installing: /workspaces/citros_px4/microros_ws/install/micro_ros_setup/share/micro_ros_setup/local_setup.dsv\n'}
[0.458862] (micro_ros_setup) StdoutLine: {'line': b'-- Installing: /workspaces/citros_px4/microros_ws/install/micro_ros_setup/share/micro_ros_setup/package.dsv\n'}
[0.458903] (micro_ros_setup) StdoutLine: {'line': b'-- Installing: /workspaces/citros_px4/microros_ws/install/micro_ros_setup/share/ament_index/resource_index/packages/micro_ros_setup\n'}
[0.458931] (micro_ros_setup) StdoutLine: {'line': b'-- Installing: /workspaces/citros_px4/microros_ws/install/micro_ros_setup/share/micro_ros_setup/cmake/micro_ros_setupConfig.cmake\n'}
[0.458958] (micro_ros_setup) StdoutLine: {'line': b'-- Installing: /workspaces/citros_px4/microros_ws/install/micro_ros_setup/share/micro_ros_setup/cmake/micro_ros_setupConfig-version.cmake\n'}
[0.458984] (micro_ros_setup) StdoutLine: {'line': b'-- Installing: /workspaces/citros_px4/microros_ws/install/micro_ros_setup/share/micro_ros_setup/package.xml\n'}
[0.459012] (micro_ros_setup) StdoutLine: {'line': b'-- Installing: /workspaces/citros_px4/microros_ws/install/micro_ros_setup/./config\n'}
[0.459055] (micro_ros_setup) StdoutLine: {'line': b'-- Installing: /workspaces/citros_px4/microros_ws/install/micro_ros_setup/./config/android\n'}
[0.459084] (micro_ros_setup) StdoutLine: {'line': b'-- Installing: /workspaces/citros_px4/microros_ws/install/micro_ros_setup/./config/android/dev_uros_packages.repos\n'}
[0.459113] (micro_ros_setup) StdoutLine: {'line': b'-- Installing: /workspaces/citros_px4/microros_ws/install/micro_ros_setup/./config/android/generic\n'}
[0.459141] (micro_ros_setup) StdoutLine: {'line': b'-- Installing: /workspaces/citros_px4/microros_ws/install/micro_ros_setup/./config/android/generic/create.sh\n'}
[0.459168] (micro_ros_setup) StdoutLine: {'line': b'-- Installing: /workspaces/citros_px4/microros_ws/install/micro_ros_setup/./config/android/generic/client_uros_packages.repos\n'}
[0.459204] (micro_ros_setup) StdoutLine: {'line': b'-- Installing: /workspaces/citros_px4/microros_ws/install/micro_ros_setup/./config/android/generic/client-colcon.meta\n'}
[0.459252] (micro_ros_setup) StdoutLine: {'line': b'-- Installing: /workspaces/citros_px4/microros_ws/install/micro_ros_setup/./config/android/generic/build.sh\n'}
[0.459287] (micro_ros_setup) StdoutLine: {'line': b'-- Installing: /workspaces/citros_px4/microros_ws/install/micro_ros_setup/./config/android/generic/package.xml\n'}
[0.459313] (micro_ros_setup) StdoutLine: {'line': b'-- Installing: /workspaces/citros_px4/microros_ws/install/micro_ros_setup/./config/android/generic/flash.sh\n'}
[0.459356] (micro_ros_setup) StdoutLine: {'line': b'-- Installing: /workspaces/citros_px4/microros_ws/install/micro_ros_setup/./config/android/dev_ros2_packages.txt\n'}
[0.459382] (micro_ros_setup) StdoutLine: {'line': b'-- Installing: /workspaces/citros_px4/microros_ws/install/micro_ros_setup/./config/renesas_ra\n'}
[0.459409] (micro_ros_setup) StdoutLine: {'line': b'-- Installing: /workspaces/citros_px4/microros_ws/install/micro_ros_setup/./config/renesas_ra/list_apps.sh\n'}
[0.459435] (micro_ros_setup) StdoutLine: {'line': b'-- Installing: /workspaces/citros_px4/microros_ws/install/micro_ros_setup/./config/renesas_ra/ra6m5\n'}
[0.459460] (micro_ros_setup) StdoutLine: {'line': b'-- Installing: /workspaces/citros_px4/microros_ws/install/micro_ros_setup/./config/renesas_ra/ra6m5/board.repos\n'}
[0.459487] (micro_ros_setup) StdoutLine: {'line': b'-- Installing: /workspaces/citros_px4/microros_ws/install/micro_ros_setup/./config/renesas_ra/ra6m5/create.sh\n'}
[0.459523] (micro_ros_setup) StdoutLine: {'line': b'-- Installing: /workspaces/citros_px4/microros_ws/install/micro_ros_setup/./config/renesas_ra/ra6m5/client_uros_packages.repos\n'}
[0.459571] (micro_ros_setup) StdoutLine: {'line': b'-- Installing: /workspaces/citros_px4/microros_ws/install/micro_ros_setup/./config/renesas_ra/ra6m5/client-colcon.meta\n'}
[0.459599] (micro_ros_setup) StdoutLine: {'line': b'-- Installing: /workspaces/citros_px4/microros_ws/install/micro_ros_setup/./config/renesas_ra/ra6m5/build.sh\n'}
[0.459625] (micro_ros_setup) StdoutLine: {'line': b'-- Installing: /workspaces/citros_px4/microros_ws/install/micro_ros_setup/./config/renesas_ra/ra6m5/flash.sh\n'}
[0.459660] (micro_ros_setup) StdoutLine: {'line': b'-- Installing: /workspaces/citros_px4/microros_ws/install/micro_ros_setup/./config/renesas_ra/ra6m5/configure.sh\n'}
[0.459686] (micro_ros_setup) StdoutLine: {'line': b'-- Installing: /workspaces/citros_px4/microros_ws/install/micro_ros_setup/./config/renesas_ra/dev_uros_packages.repos\n'}
[0.459710] (micro_ros_setup) StdoutLine: {'line': b'-- Installing: /workspaces/citros_px4/microros_ws/install/micro_ros_setup/./config/renesas_ra/dev_ros2_packages.txt\n'}
[0.459745] (micro_ros_setup) StdoutLine: {'line': b'-- Installing: /workspaces/citros_px4/microros_ws/install/micro_ros_setup/./config/zephyr\n'}
[0.459783] (micro_ros_setup) StdoutLine: {'line': b'-- Installing: /workspaces/citros_px4/microros_ws/install/micro_ros_setup/./config/zephyr/list_apps.sh\n'}
[0.459821] (micro_ros_setup) StdoutLine: {'line': b'-- Installing: /workspaces/citros_px4/microros_ws/install/micro_ros_setup/./config/zephyr/dev_uros_packages.repos\n'}
[0.459861] (micro_ros_setup) StdoutLine: {'line': b'-- Installing: /workspaces/citros_px4/microros_ws/install/micro_ros_setup/./config/zephyr/generic\n'}
[0.459906] (micro_ros_setup) StdoutLine: {'line': b'-- Installing: /workspaces/citros_px4/microros_ws/install/micro_ros_setup/./config/zephyr/generic/board.repos\n'}
[0.459941] (micro_ros_setup) StdoutLine: {'line': b'-- Installing: /workspaces/citros_px4/microros_ws/install/micro_ros_setup/./config/zephyr/generic/create.sh\n'}
[0.459968] (micro_ros_setup) StdoutLine: {'line': b'-- Installing: /workspaces/citros_px4/microros_ws/install/micro_ros_setup/./config/zephyr/generic/client_uros_packages.repos\n'}
[0.460003] (micro_ros_setup) StdoutLine: {'line': b'-- Installing: /workspaces/citros_px4/microros_ws/install/micro_ros_setup/./config/zephyr/generic/supported_platforms\n'}
[0.460086] (micro_ros_setup) StdoutLine: {'line': b'-- Installing: /workspaces/citros_px4/microros_ws/install/micro_ros_setup/./config/zephyr/generic/client-colcon.meta\n'}
[0.460113] (micro_ros_setup) StdoutLine: {'line': b'-- Installing: /workspaces/citros_px4/microros_ws/install/micro_ros_setup/./config/zephyr/generic/build.sh\n'}
[0.460138] (micro_ros_setup) StdoutLine: {'line': b'-- Installing: /workspaces/citros_px4/microros_ws/install/micro_ros_setup/./config/zephyr/generic/package.xml\n'}
[0.460178] (micro_ros_setup) StdoutLine: {'line': b'-- Installing: /workspaces/citros_px4/microros_ws/install/micro_ros_setup/./config/zephyr/generic/flash.sh\n'}
[0.460205] (micro_ros_setup) StdoutLine: {'line': b'-- Installing: /workspaces/citros_px4/microros_ws/install/micro_ros_setup/./config/zephyr/generic/configure.sh\n'}
[0.460250] (micro_ros_setup) StdoutLine: {'line': b'-- Installing: /workspaces/citros_px4/microros_ws/install/micro_ros_setup/./config/zephyr/dev_ros2_packages.txt\n'}
[0.460278] (micro_ros_setup) StdoutLine: {'line': b'-- Installing: /workspaces/citros_px4/microros_ws/install/micro_ros_setup/./config/utils.sh\n'}
[0.460305] (micro_ros_setup) StdoutLine: {'line': b'-- Installing: /workspaces/citros_px4/microros_ws/install/micro_ros_setup/./config/generate_lib\n'}
[0.460333] (micro_ros_setup) StdoutLine: {'line': b'-- Installing: /workspaces/citros_px4/microros_ws/install/micro_ros_setup/./config/generate_lib/dev_uros_packages.repos\n'}
[0.460370] (micro_ros_setup) StdoutLine: {'line': b'-- Installing: /workspaces/citros_px4/microros_ws/install/micro_ros_setup/./config/generate_lib/generic\n'}
[0.460418] (micro_ros_setup) StdoutLine: {'line': b'-- Installing: /workspaces/citros_px4/microros_ws/install/micro_ros_setup/./config/generate_lib/generic/create.sh\n'}
[0.460446] (micro_ros_setup) StdoutLine: {'line': b'-- Installing: /workspaces/citros_px4/microros_ws/install/micro_ros_setup/./config/generate_lib/generic/client_uros_packages.repos\n'}
[0.460474] (micro_ros_setup) StdoutLine: {'line': b'-- Installing: /workspaces/citros_px4/microros_ws/install/micro_ros_setup/./config/generate_lib/generic/client-colcon.meta\n'}
[0.460501] (micro_ros_setup) StdoutLine: {'line': b'-- Installing: /workspaces/citros_px4/microros_ws/install/micro_ros_setup/./config/generate_lib/generic/build.sh\n'}
[0.460528] (micro_ros_setup) StdoutLine: {'line': b'-- Installing: /workspaces/citros_px4/microros_ws/install/micro_ros_setup/./config/generate_lib/generic/package.xml\n'}
[0.460565] (micro_ros_setup) StdoutLine: {'line': b'-- Installing: /workspaces/citros_px4/microros_ws/install/micro_ros_setup/./config/generate_lib/generic/flash.sh\n'}
[0.460608] (micro_ros_setup) StdoutLine: {'line': b'-- Installing: /workspaces/citros_px4/microros_ws/install/micro_ros_setup/./config/generate_lib/generic/demo_toolchain.cmake\n'}
[0.460636] (micro_ros_setup) StdoutLine: {'line': b'-- Installing: /workspaces/citros_px4/microros_ws/install/micro_ros_setup/./config/generate_lib/dev_ros2_packages.txt\n'}
[0.460663] (micro_ros_setup) StdoutLine: {'line': b'-- Installing: /workspaces/citros_px4/microros_ws/install/micro_ros_setup/./config/client_uros_packages.repos\n'}
[0.460690] (micro_ros_setup) StdoutLine: {'line': b'-- Installing: /workspaces/citros_px4/microros_ws/install/micro_ros_setup/./config/mbed\n'}
[0.460730] (micro_ros_setup) StdoutLine: {'line': b'-- Installing: /workspaces/citros_px4/microros_ws/install/micro_ros_setup/./config/mbed/list_apps.sh\n'}
[0.460757] (micro_ros_setup) StdoutLine: {'line': b'-- Installing: /workspaces/citros_px4/microros_ws/install/micro_ros_setup/./config/mbed/dev_uros_packages.repos\n'}
[0.460784] (micro_ros_setup) StdoutLine: {'line': b'-- Installing: /workspaces/citros_px4/microros_ws/install/micro_ros_setup/./config/mbed/generic\n'}
[0.460809] (micro_ros_setup) StdoutLine: {'line': b'-- Installing: /workspaces/citros_px4/microros_ws/install/micro_ros_setup/./config/mbed/generic/board.repos\n'}
[0.460846] (micro_ros_setup) StdoutLine: {'line': b'-- Installing: /workspaces/citros_px4/microros_ws/install/micro_ros_setup/./config/mbed/generic/create.sh\n'}
[0.460892] (micro_ros_setup) StdoutLine: {'line': b'-- Installing: /workspaces/citros_px4/microros_ws/install/micro_ros_setup/./config/mbed/generic/client_uros_packages.repos\n'}
[0.460920] (micro_ros_setup) StdoutLine: {'line': b'-- Installing: /workspaces/citros_px4/microros_ws/install/micro_ros_setup/./config/mbed/generic/supported_platforms\n'}
[0.460948] (micro_ros_setup) StdoutLine: {'line': b'-- Installing: /workspaces/citros_px4/microros_ws/install/micro_ros_setup/./config/mbed/generic/build.sh\n'}
[0.460976] (micro_ros_setup) StdoutLine: {'line': b'-- Installing: /workspaces/citros_px4/microros_ws/install/micro_ros_setup/./config/mbed/generic/package.xml\n'}
[0.461013] (micro_ros_setup) StdoutLine: {'line': b'-- Installing: /workspaces/citros_px4/microros_ws/install/micro_ros_setup/./config/mbed/generic/flash.sh\n'}
[0.461060] (micro_ros_setup) StdoutLine: {'line': b'-- Installing: /workspaces/citros_px4/microros_ws/install/micro_ros_setup/./config/mbed/dev_ros2_packages.txt\n'}
[0.461089] (micro_ros_setup) StdoutLine: {'line': b'-- Installing: /workspaces/citros_px4/microros_ws/install/micro_ros_setup/./config/agent_uros_packages.repos\n'}
[0.461117] (micro_ros_setup) StdoutLine: {'line': b'-- Installing: /workspaces/citros_px4/microros_ws/install/micro_ros_setup/./config/freertos\n'}
[0.461145] (micro_ros_setup) StdoutLine: {'line': b'-- Installing: /workspaces/citros_px4/microros_ws/install/micro_ros_setup/./config/freertos/list_apps.sh\n'}
[0.461187] (micro_ros_setup) StdoutLine: {'line': b'-- Installing: /workspaces/citros_px4/microros_ws/install/micro_ros_setup/./config/freertos/nucleo_f767zi\n'}
[0.461214] (micro_ros_setup) StdoutLine: {'line': b'-- Installing: /workspaces/citros_px4/microros_ws/install/micro_ros_setup/./config/freertos/nucleo_f767zi/board.repos\n'}
[0.461242] (micro_ros_setup) StdoutLine: {'line': b'-- Installing: /workspaces/citros_px4/microros_ws/install/micro_ros_setup/./config/freertos/nucleo_f767zi/create.sh\n'}
[0.461269] (micro_ros_setup) StdoutLine: {'line': b'-- Installing: /workspaces/citros_px4/microros_ws/install/micro_ros_setup/./config/freertos/nucleo_f767zi/client_uros_packages.repos\n'}
[0.461296] (micro_ros_setup) StdoutLine: {'line': b'-- Installing: /workspaces/citros_px4/microros_ws/install/micro_ros_setup/./config/freertos/nucleo_f767zi/client-colcon.meta\n'}
[0.461333] (micro_ros_setup) StdoutLine: {'line': b'-- Installing: /workspaces/citros_px4/microros_ws/install/micro_ros_setup/./config/freertos/nucleo_f767zi/build.sh\n'}
[0.461448] (micro_ros_setup) StdoutLine: {'line': b'-- Installing: /workspaces/citros_px4/microros_ws/install/micro_ros_setup/./config/freertos/nucleo_f767zi/package.xml\n'}
[0.461476] (micro_ros_setup) StdoutLine: {'line': b'-- Installing: /workspaces/citros_px4/microros_ws/install/micro_ros_setup/./config/freertos/nucleo_f767zi/flash.sh\n'}
[0.461505] (micro_ros_setup) StdoutLine: {'line': b'-- Installing: /workspaces/citros_px4/microros_ws/install/micro_ros_setup/./config/freertos/nucleo_f767zi/configure.sh\n'}
[0.461532] (micro_ros_setup) StdoutLine: {'line': b'-- Installing: /workspaces/citros_px4/microros_ws/install/micro_ros_setup/./config/freertos/nucleo_f446ze\n'}
[0.461571] (micro_ros_setup) StdoutLine: {'line': b'-- Installing: /workspaces/citros_px4/microros_ws/install/micro_ros_setup/./config/freertos/nucleo_f446ze/board.repos\n'}
[0.461599] (micro_ros_setup) StdoutLine: {'line': b'-- Installing: /workspaces/citros_px4/microros_ws/install/micro_ros_setup/./config/freertos/nucleo_f446ze/create.sh\n'}
[0.461626] (micro_ros_setup) StdoutLine: {'line': b'-- Installing: /workspaces/citros_px4/microros_ws/install/micro_ros_setup/./config/freertos/nucleo_f446ze/client_uros_packages.repos\n'}
[0.461653] (micro_ros_setup) StdoutLine: {'line': b'-- Installing: /workspaces/citros_px4/microros_ws/install/micro_ros_setup/./config/freertos/nucleo_f446ze/client-colcon.meta\n'}
[0.461681] (micro_ros_setup) StdoutLine: {'line': b'-- Installing: /workspaces/citros_px4/microros_ws/install/micro_ros_setup/./config/freertos/nucleo_f446ze/build.sh\n'}
[0.461708] (micro_ros_setup) StdoutLine: {'line': b'-- Installing: /workspaces/citros_px4/microros_ws/install/micro_ros_setup/./config/freertos/nucleo_f446ze/package.xml\n'}
[0.461745] (micro_ros_setup) StdoutLine: {'line': b'-- Installing: /workspaces/citros_px4/microros_ws/install/micro_ros_setup/./config/freertos/nucleo_f446ze/flash.sh\n'}
[0.461799] (micro_ros_setup) StdoutLine: {'line': b'-- Installing: /workspaces/citros_px4/microros_ws/install/micro_ros_setup/./config/freertos/nucleo_f446ze/configure.sh\n'}
[0.461838] (micro_ros_setup) StdoutLine: {'line': b'-- Installing: /workspaces/citros_px4/microros_ws/install/micro_ros_setup/./config/freertos/dev_uros_packages.repos\n'}
[0.461871] (micro_ros_setup) StdoutLine: {'line': b'-- Installing: /workspaces/citros_px4/microros_ws/install/micro_ros_setup/./config/freertos/esp32\n'}
[0.461899] (micro_ros_setup) StdoutLine: {'line': b'-- Installing: /workspaces/citros_px4/microros_ws/install/micro_ros_setup/./config/freertos/esp32/board.repos\n'}
[0.461927] (micro_ros_setup) StdoutLine: {'line': b'-- Installing: /workspaces/citros_px4/microros_ws/install/micro_ros_setup/./config/freertos/esp32/create.sh\n'}
[0.461955] (micro_ros_setup) StdoutLine: {'line': b'-- Installing: /workspaces/citros_px4/microros_ws/install/micro_ros_setup/./config/freertos/esp32/client_uros_packages.repos\n'}
[0.461982] (micro_ros_setup) StdoutLine: {'line': b'-- Installing: /workspaces/citros_px4/microros_ws/install/micro_ros_setup/./config/freertos/esp32/client-colcon.meta\n'}
[0.462009] (micro_ros_setup) StdoutLine: {'line': b'-- Installing: /workspaces/citros_px4/microros_ws/install/micro_ros_setup/./config/freertos/esp32/build.sh\n'}
[0.462037] (micro_ros_setup) StdoutLine: {'line': b'-- Installing: /workspaces/citros_px4/microros_ws/install/micro_ros_setup/./config/freertos/esp32/README.md\n'}
[0.462074] (micro_ros_setup) StdoutLine: {'line': b'-- Installing: /workspaces/citros_px4/microros_ws/install/micro_ros_setup/./config/freertos/esp32/package.xml\n'}
[0.462127] (micro_ros_setup) StdoutLine: {'line': b'-- Installing: /workspaces/citros_px4/microros_ws/install/micro_ros_setup/./config/freertos/esp32/flash.sh\n'}
[0.462155] (micro_ros_setup) StdoutLine: {'line': b'-- Installing: /workspaces/citros_px4/microros_ws/install/micro_ros_setup/./config/freertos/esp32/configure.sh\n'}
[0.462191] (micro_ros_setup) StdoutLine: {'line': b'-- Installing: /workspaces/citros_px4/microros_ws/install/micro_ros_setup/./config/freertos/nucleo_f746zg\n'}
[0.462220] (micro_ros_setup) StdoutLine: {'line': b'-- Installing: /workspaces/citros_px4/microros_ws/install/micro_ros_setup/./config/freertos/nucleo_f746zg/board.repos\n'}
[0.462248] (micro_ros_setup) StdoutLine: {'line': b'-- Installing: /workspaces/citros_px4/microros_ws/install/micro_ros_setup/./config/freertos/nucleo_f746zg/create.sh\n'}
[0.462276] (micro_ros_setup) StdoutLine: {'line': b'-- Installing: /workspaces/citros_px4/microros_ws/install/micro_ros_setup/./config/freertos/nucleo_f746zg/client_uros_packages.repos\n'}
[0.462317] (micro_ros_setup) StdoutLine: {'line': b'-- Installing: /workspaces/citros_px4/microros_ws/install/micro_ros_setup/./config/freertos/nucleo_f746zg/client-colcon.meta\n'}
[0.462351] (micro_ros_setup) StdoutLine: {'line': b'-- Installing: /workspaces/citros_px4/microros_ws/install/micro_ros_setup/./config/freertos/nucleo_f746zg/build.sh\n'}
[0.462380] (micro_ros_setup) StdoutLine: {'line': b'-- Installing: /workspaces/citros_px4/microros_ws/install/micro_ros_setup/./config/freertos/nucleo_f746zg/package.xml\n'}
[0.462408] (micro_ros_setup) StdoutLine: {'line': b'-- Installing: /workspaces/citros_px4/microros_ws/install/micro_ros_setup/./config/freertos/nucleo_f746zg/flash.sh\n'}
[0.462435] (micro_ros_setup) StdoutLine: {'line': b'-- Installing: /workspaces/citros_px4/microros_ws/install/micro_ros_setup/./config/freertos/nucleo_f746zg/configure.sh\n'}
[0.462463] (micro_ros_setup) StdoutLine: {'line': b'-- Installing: /workspaces/citros_px4/microros_ws/install/micro_ros_setup/./config/freertos/olimex-stm32-e407\n'}
[0.462491] (micro_ros_setup) StdoutLine: {'line': b'-- Installing: /workspaces/citros_px4/microros_ws/install/micro_ros_setup/./config/freertos/olimex-stm32-e407/board.repos\n'}
[0.462518] (micro_ros_setup) StdoutLine: {'line': b'-- Installing: /workspaces/citros_px4/microros_ws/install/micro_ros_setup/./config/freertos/olimex-stm32-e407/create.sh\n'}
[0.462557] (micro_ros_setup) StdoutLine: {'line': b'-- Installing: /workspaces/citros_px4/microros_ws/install/micro_ros_setup/./config/freertos/olimex-stm32-e407/client_uros_packages.repos\n'}
[0.462610] (micro_ros_setup) StdoutLine: {'line': b'-- Installing: /workspaces/citros_px4/microros_ws/install/micro_ros_setup/./config/freertos/olimex-stm32-e407/client-colcon.meta\n'}
[0.462641] (micro_ros_setup) StdoutLine: {'line': b'-- Installing: /workspaces/citros_px4/microros_ws/install/micro_ros_setup/./config/freertos/olimex-stm32-e407/build.sh\n'}
[0.462670] (micro_ros_setup) StdoutLine: {'line': b'-- Installing: /workspaces/citros_px4/microros_ws/install/micro_ros_setup/./config/freertos/olimex-stm32-e407/package.xml\n'}
[0.462698] (micro_ros_setup) StdoutLine: {'line': b'-- Installing: /workspaces/citros_px4/microros_ws/install/micro_ros_setup/./config/freertos/olimex-stm32-e407/flash.sh\n'}
[0.462727] (micro_ros_setup) StdoutLine: {'line': b'-- Installing: /workspaces/citros_px4/microros_ws/install/micro_ros_setup/./config/freertos/olimex-stm32-e407/configure.sh\n'}
[0.462754] (micro_ros_setup) StdoutLine: {'line': b'-- Installing: /workspaces/citros_px4/microros_ws/install/micro_ros_setup/./config/freertos/nucleo_f446re\n'}
[0.462781] (micro_ros_setup) StdoutLine: {'line': b'-- Installing: /workspaces/citros_px4/microros_ws/install/micro_ros_setup/./config/freertos/nucleo_f446re/board.repos\n'}
[0.462808] (micro_ros_setup) StdoutLine: {'line': b'-- Installing: /workspaces/citros_px4/microros_ws/install/micro_ros_setup/./config/freertos/nucleo_f446re/create.sh\n'}
[0.462846] (micro_ros_setup) StdoutLine: {'line': b'-- Installing: /workspaces/citros_px4/microros_ws/install/micro_ros_setup/./config/freertos/nucleo_f446re/client_uros_packages.repos\n'}
[0.462898] (micro_ros_setup) StdoutLine: {'line': b'-- Installing: /workspaces/citros_px4/microros_ws/install/micro_ros_setup/./config/freertos/nucleo_f446re/client-colcon.meta\n'}
[0.462927] (micro_ros_setup) StdoutLine: {'line': b'-- Installing: /workspaces/citros_px4/microros_ws/install/micro_ros_setup/./config/freertos/nucleo_f446re/build.sh\n'}
[0.462968] (micro_ros_setup) StdoutLine: {'line': b'-- Installing: /workspaces/citros_px4/microros_ws/install/micro_ros_setup/./config/freertos/nucleo_f446re/package.xml\n'}
[0.462996] (micro_ros_setup) StdoutLine: {'line': b'-- Installing: /workspaces/citros_px4/microros_ws/install/micro_ros_setup/./config/freertos/nucleo_f446re/flash.sh\n'}
[0.463025] (micro_ros_setup) StdoutLine: {'line': b'-- Installing: /workspaces/citros_px4/microros_ws/install/micro_ros_setup/./config/freertos/nucleo_f446re/configure.sh\n'}
[0.463053] (micro_ros_setup) StdoutLine: {'line': b'-- Installing: /workspaces/citros_px4/microros_ws/install/micro_ros_setup/./config/freertos/dev_ros2_packages.txt\n'}
[0.463094] (micro_ros_setup) StdoutLine: {'line': b'-- Installing: /workspaces/citros_px4/microros_ws/install/micro_ros_setup/./config/freertos/crazyflie21\n'}
[0.463122] (micro_ros_setup) StdoutLine: {'line': b'-- Installing: /workspaces/citros_px4/microros_ws/install/micro_ros_setup/./config/freertos/crazyflie21/board.repos\n'}
[0.463151] (micro_ros_setup) StdoutLine: {'line': b'-- Installing: /workspaces/citros_px4/microros_ws/install/micro_ros_setup/./config/freertos/crazyflie21/create.sh\n'}
[0.463178] (micro_ros_setup) StdoutLine: {'line': b'-- Installing: /workspaces/citros_px4/microros_ws/install/micro_ros_setup/./config/freertos/crazyflie21/client_uros_packages.repos\n'}
[0.463206] (micro_ros_setup) StdoutLine: {'line': b'-- Installing: /workspaces/citros_px4/microros_ws/install/micro_ros_setup/./config/freertos/crazyflie21/client-colcon.meta\n'}
[0.463233] (micro_ros_setup) StdoutLine: {'line': b'-- Installing: /workspaces/citros_px4/microros_ws/install/micro_ros_setup/./config/freertos/crazyflie21/build.sh\n'}
[0.463260] (micro_ros_setup) StdoutLine: {'line': b'-- Installing: /workspaces/citros_px4/microros_ws/install/micro_ros_setup/./config/freertos/crazyflie21/package.xml\n'}
[0.463287] (micro_ros_setup) StdoutLine: {'line': b'-- Installing: /workspaces/citros_px4/microros_ws/install/micro_ros_setup/./config/freertos/crazyflie21/flash.sh\n'}
[0.463325] (micro_ros_setup) StdoutLine: {'line': b'-- Installing: /workspaces/citros_px4/microros_ws/install/micro_ros_setup/./config/freertos/crazyflie21/configure.sh\n'}
[0.463376] (micro_ros_setup) StdoutLine: {'line': b'-- Installing: /workspaces/citros_px4/microros_ws/install/micro_ros_setup/./config/host\n'}
[0.463405] (micro_ros_setup) StdoutLine: {'line': b'-- Installing: /workspaces/citros_px4/microros_ws/install/micro_ros_setup/./config/host/dev_uros_packages.repos\n'}
[0.463435] (micro_ros_setup) StdoutLine: {'line': b'-- Installing: /workspaces/citros_px4/microros_ws/install/micro_ros_setup/./config/host/client_ros2_packages.txt\n'}
[0.463463] (micro_ros_setup) StdoutLine: {'line': b'-- Installing: /workspaces/citros_px4/microros_ws/install/micro_ros_setup/./config/host/generic\n'}
[0.463490] (micro_ros_setup) StdoutLine: {'line': b'-- Installing: /workspaces/citros_px4/microros_ws/install/micro_ros_setup/./config/host/generic/create.sh\n'}
[0.463518] (micro_ros_setup) StdoutLine: {'line': b'-- Installing: /workspaces/citros_px4/microros_ws/install/micro_ros_setup/./config/host/generic/client_host_packages.repos\n'}
[0.463545] (micro_ros_setup) StdoutLine: {'line': b'-- Installing: /workspaces/citros_px4/microros_ws/install/micro_ros_setup/./config/host/generic/client-host-colcon.meta\n'}
[0.463573] (micro_ros_setup) StdoutLine: {'line': b'-- Installing: /workspaces/citros_px4/microros_ws/install/micro_ros_setup/./config/host/generic/build.sh\n'}
[0.463600] (micro_ros_setup) StdoutLine: {'line': b'-- Installing: /workspaces/citros_px4/microros_ws/install/micro_ros_setup/./config/host/generic/package.xml\n'}
[0.463638] (micro_ros_setup) StdoutLine: {'line': b'-- Installing: /workspaces/citros_px4/microros_ws/install/micro_ros_setup/./config/host/generic/flash.sh\n'}
[0.463690] (micro_ros_setup) StdoutLine: {'line': b'-- Installing: /workspaces/citros_px4/microros_ws/install/micro_ros_setup/./config/host/dev_ros2_packages.txt\n'}
[0.463723] (micro_ros_setup) StdoutLine: {'line': b'-- Installing: /workspaces/citros_px4/microros_ws/install/micro_ros_setup/./config/client_ros2_packages.txt\n'}
[0.463749] (micro_ros_setup) StdoutLine: {'line': b'-- Installing: /workspaces/citros_px4/microros_ws/install/micro_ros_setup/./config/agent_ros2_packages.txt\n'}
[0.463777] (micro_ros_setup) StdoutLine: {'line': b'-- Installing: /workspaces/citros_px4/microros_ws/install/micro_ros_setup/./config/raspbian\n'}
[0.463805] (micro_ros_setup) StdoutLine: {'line': b'-- Installing: /workspaces/citros_px4/microros_ws/install/micro_ros_setup/./config/raspbian/dev_uros_packages.repos\n'}
[0.463831] (micro_ros_setup) StdoutLine: {'line': b'-- Installing: /workspaces/citros_px4/microros_ws/install/micro_ros_setup/./config/raspbian/generic\n'}
[0.463871] (micro_ros_setup) StdoutLine: {'line': b'-- Installing: /workspaces/citros_px4/microros_ws/install/micro_ros_setup/./config/raspbian/generic/create.sh\n'}
[0.463896] (micro_ros_setup) StdoutLine: {'line': b'-- Installing: /workspaces/citros_px4/microros_ws/install/micro_ros_setup/./config/raspbian/generic/client_uros_packages.repos\n'}
[0.463922] (micro_ros_setup) StdoutLine: {'line': b'-- Installing: /workspaces/citros_px4/microros_ws/install/micro_ros_setup/./config/raspbian/generic/supported_platforms\n'}
[0.463949] (micro_ros_setup) StdoutLine: {'line': b'-- Installing: /workspaces/citros_px4/microros_ws/install/micro_ros_setup/./config/raspbian/generic/client-colcon.meta\n'}
[0.463977] (micro_ros_setup) StdoutLine: {'line': b'-- Installing: /workspaces/citros_px4/microros_ws/install/micro_ros_setup/./config/raspbian/generic/build.sh\n'}
[0.464004] (micro_ros_setup) StdoutLine: {'line': b'-- Installing: /workspaces/citros_px4/microros_ws/install/micro_ros_setup/./config/raspbian/generic/flash.sh\n'}
[0.464031] (micro_ros_setup) StdoutLine: {'line': b'-- Installing: /workspaces/citros_px4/microros_ws/install/micro_ros_setup/./config/raspbian/generic/configure.sh\n'}
[0.464059] (micro_ros_setup) StdoutLine: {'line': b'-- Installing: /workspaces/citros_px4/microros_ws/install/micro_ros_setup/./config/raspbian/dev_ros2_packages.txt\n'}
[0.464102] (micro_ros_setup) StdoutLine: {'line': b'-- Installing: /workspaces/citros_px4/microros_ws/install/micro_ros_setup/lib/micro_ros_setup/create_ws.sh\n'}
[0.464130] (micro_ros_setup) StdoutLine: {'line': b'-- Installing: /workspaces/citros_px4/microros_ws/install/micro_ros_setup/lib/micro_ros_setup/create_agent_ws.sh\n'}
[0.464158] (micro_ros_setup) StdoutLine: {'line': b'-- Installing: /workspaces/citros_px4/microros_ws/install/micro_ros_setup/lib/micro_ros_setup/create_firmware_ws.sh\n'}
[0.464184] (micro_ros_setup) StdoutLine: {'line': b'-- Installing: /workspaces/citros_px4/microros_ws/install/micro_ros_setup/lib/micro_ros_setup/configure_firmware.sh\n'}
[0.464211] (micro_ros_setup) StdoutLine: {'line': b'-- Installing: /workspaces/citros_px4/microros_ws/install/micro_ros_setup/lib/micro_ros_setup/flash_firmware.sh\n'}
[0.464248] (micro_ros_setup) StdoutLine: {'line': b'-- Installing: /workspaces/citros_px4/microros_ws/install/micro_ros_setup/lib/micro_ros_setup/build_firmware.sh\n'}
[0.464296] (micro_ros_setup) StdoutLine: {'line': b'-- Installing: /workspaces/citros_px4/microros_ws/install/micro_ros_setup/lib/micro_ros_setup/build_agent.sh\n'}
[0.464325] (micro_ros_setup) StdoutLine: {'line': b'-- Installing: /workspaces/citros_px4/microros_ws/install/micro_ros_setup/lib/micro_ros_setup/yaml_filter.py\n'}
[0.464351] (micro_ros_setup) StdoutLine: {'line': b'-- Installing: /workspaces/citros_px4/microros_ws/install/micro_ros_setup/lib/micro_ros_setup/clean_env.sh\n'}
[0.464379] (micro_ros_setup) StdoutLine: {'line': b'-- Installing: /workspaces/citros_px4/microros_ws/install/micro_ros_setup/lib/micro_ros_setup/component\n'}
[0.465614] (micro_ros_setup) CommandEnded: {'returncode': 0}
[0.490570] (micro_ros_setup) JobEnded: {'identifier': 'micro_ros_setup', 'rc': 0}
[0.490964] (-) EventReactorShutdown: {}
