[0.142s] Invoking command in '/workspaces/citros_px4/example_ws/build/px4_ros_com': AMENT_PREFIX_PATH=/workspaces/citros_px4/example_ws/install/px4_msgs:${AMENT_PREFIX_PATH} CMAKE_PREFIX_PATH=/workspaces/citros_px4/example_ws/install/px4_msgs:/workspaces/citros_px4/microros_ws/install/micro_ros_setup:/opt/ros/humble LD_LIBRARY_PATH=/workspaces/citros_px4/example_ws/install/px4_msgs/lib:${LD_LIBRARY_PATH} PYTHONPATH=/workspaces/citros_px4/example_ws/install/px4_msgs/local/lib/python3.10/dist-packages:${PYTHONPATH} /usr/bin/cmake /workspaces/citros_px4/example_ws/src/px4_ros_com -DCMAKE_INSTALL_PREFIX=/workspaces/citros_px4/example_ws/install/px4_ros_com
[0.172s] -- The C compiler identification is GNU 11.2.0
[0.203s] -- The CXX compiler identification is GNU 11.2.0
[0.207s] -- Detecting C compiler ABI info
[0.245s] -- Detecting C compiler ABI info - done
[0.249s] -- Check for working C compiler: /usr/bin/cc - skipped
[0.249s] -- Detecting C compile features
[0.249s] -- Detecting C compile features - done
[0.251s] -- Detecting CXX compiler ABI info
[0.295s] -- Detecting CXX compiler ABI info - done
[0.299s] -- Check for working CXX compiler: /usr/bin/c++ - skipped
[0.299s] -- Detecting CXX compile features
[0.300s] -- Detecting CXX compile features - done
[0.301s] -- Found ament_cmake: 1.3.2 (/opt/ros/humble/share/ament_cmake/cmake)
[0.402s] -- Found Python3: /usr/bin/python3.10 (found version "3.10.6") found components: Interpreter 
[0.460s] -- Found builtin_interfaces: 1.2.0 (/opt/ros/humble/share/builtin_interfaces/cmake)
[0.482s] -- Found rosidl_generator_c: 3.1.3 (/opt/ros/humble/share/rosidl_generator_c/cmake)
[0.485s] -- Found rosidl_adapter: 3.1.3 (/opt/ros/humble/share/rosidl_adapter/cmake)
[0.490s] -- Found rosidl_generator_cpp: 3.1.3 (/opt/ros/humble/share/rosidl_generator_cpp/cmake)
[0.498s] -- Using all available rosidl_typesupport_c: rosidl_typesupport_fastrtps_c;rosidl_typesupport_introspection_c
[0.510s] -- Using all available rosidl_typesupport_cpp: rosidl_typesupport_fastrtps_cpp;rosidl_typesupport_introspection_cpp
[0.521s] -- Found eigen3_cmake_module: 0.1.1 (/opt/ros/humble/share/eigen3_cmake_module/cmake)
[0.528s] -- Found Eigen3: TRUE (found version "3.4.0") 
[0.530s] -- Found geometry_msgs: 4.2.2 (/opt/ros/humble/share/geometry_msgs/cmake)
[0.592s] -- Found px4_msgs: 2.0.1 (/workspaces/citros_px4/example_ws/install/px4_msgs/share/px4_msgs/cmake)
[0.612s] -- Found rclcpp: 16.0.1 (/opt/ros/humble/share/rclcpp/cmake)
[0.661s] -- Found rmw_implementation_cmake: 6.1.0 (/opt/ros/humble/share/rmw_implementation_cmake/cmake)
[0.663s] -- Found rmw_fastrtps_cpp: 6.2.1 (/opt/ros/humble/share/rmw_fastrtps_cpp/cmake)
[0.726s] -- Found OpenSSL: /usr/lib/x86_64-linux-gnu/libcrypto.so (found version "3.0.2")  
[0.745s] -- Found FastRTPS: /opt/ros/humble/include  
[0.780s] -- Using RMW implementation 'rmw_fastrtps_cpp' as default
[0.865s] -- Found sensor_msgs: 4.2.2 (/opt/ros/humble/share/sensor_msgs/cmake)
[0.919s] -- Found ament_lint_auto: 0.12.4 (/opt/ros/humble/share/ament_lint_auto/cmake)
[0.968s] -- Added test 'copyright' to check source files copyright and LICENSE
[0.969s] -- Added test 'cppcheck' to perform static code analysis on C / C++ code
[0.969s] -- Configured cppcheck include dirs: /workspaces/citros_px4/example_ws/src/px4_ros_com/include;$<BUILD_INTERFACE:/workspaces/citros_px4/example_ws/src/px4_ros_com/include/px4_ros_com>
[0.969s] -- Configured cppcheck exclude dirs and/or files: 
[0.970s] -- Added test 'cpplint' to check C / C++ code against the Google style
[0.970s] -- Configured cpplint exclude dirs and/or files: 
[0.970s] -- Added test 'flake8' to check Python code syntax and style conventions
[0.971s] -- Added test 'lint_cmake' to check CMake code style
[0.971s] -- Added test 'pep257' to check Python code against some of the docstring style conventions in PEP 257
[0.972s] -- Added test 'uncrustify' to check C / C++ code style
[0.972s] -- Configured uncrustify additional arguments: 
[0.972s] -- Added test 'xmllint' to check XML markup files
[0.973s] -- Configuring done
[0.984s] -- Generating done
[0.985s] -- Build files have been written to: /workspaces/citros_px4/example_ws/build/px4_ros_com
[0.991s] Invoked command in '/workspaces/citros_px4/example_ws/build/px4_ros_com' returned '0': AMENT_PREFIX_PATH=/workspaces/citros_px4/example_ws/install/px4_msgs:${AMENT_PREFIX_PATH} CMAKE_PREFIX_PATH=/workspaces/citros_px4/example_ws/install/px4_msgs:/workspaces/citros_px4/microros_ws/install/micro_ros_setup:/opt/ros/humble LD_LIBRARY_PATH=/workspaces/citros_px4/example_ws/install/px4_msgs/lib:${LD_LIBRARY_PATH} PYTHONPATH=/workspaces/citros_px4/example_ws/install/px4_msgs/local/lib/python3.10/dist-packages:${PYTHONPATH} /usr/bin/cmake /workspaces/citros_px4/example_ws/src/px4_ros_com -DCMAKE_INSTALL_PREFIX=/workspaces/citros_px4/example_ws/install/px4_ros_com
[0.992s] Invoking command in '/workspaces/citros_px4/example_ws/build/px4_ros_com': AMENT_PREFIX_PATH=/workspaces/citros_px4/example_ws/install/px4_msgs:${AMENT_PREFIX_PATH} CMAKE_PREFIX_PATH=/workspaces/citros_px4/example_ws/install/px4_msgs:/workspaces/citros_px4/microros_ws/install/micro_ros_setup:/opt/ros/humble LD_LIBRARY_PATH=/workspaces/citros_px4/example_ws/install/px4_msgs/lib:${LD_LIBRARY_PATH} PYTHONPATH=/workspaces/citros_px4/example_ws/install/px4_msgs/local/lib/python3.10/dist-packages:${PYTHONPATH} /usr/bin/cmake --build /workspaces/citros_px4/example_ws/build/px4_ros_com -- -j20 -l20
[1.018s] [ 40%] [32mBuilding CXX object CMakeFiles/frame_transforms.dir/src/lib/frame_transforms.cpp.o[0m
[1.018s] [ 40%] [32mBuilding CXX object CMakeFiles/debug_vect_advertiser.dir/src/examples/advertisers/debug_vect_advertiser.cpp.o[0m
[1.018s] [ 40%] [32mBuilding CXX object CMakeFiles/sensor_combined_listener.dir/src/examples/listeners/sensor_combined_listener.cpp.o[0m
[1.018s] [ 50%] [32mBuilding CXX object CMakeFiles/offboard_control.dir/src/examples/offboard/offboard_control.cpp.o[0m
[1.018s] [ 50%] [32mBuilding CXX object CMakeFiles/vehicle_gps_position_listener.dir/src/examples/listeners/vehicle_gps_position_listener.cpp.o[0m
[2.438s] In file included from [01m[K/opt/ros/humble/include/rclcpp/rclcpp/logging.hpp:24[m[K,
[2.438s]                  from [01m[K/opt/ros/humble/include/rclcpp/rclcpp/client.hpp:40[m[K,
[2.438s]                  from [01m[K/opt/ros/humble/include/rclcpp/rclcpp/callback_group.hpp:23[m[K,
[2.438s]                  from [01m[K/opt/ros/humble/include/rclcpp/rclcpp/any_executable.hpp:20[m[K,
[2.438s]                  from [01m[K/opt/ros/humble/include/rclcpp/rclcpp/memory_strategy.hpp:25[m[K,
[2.438s]                  from [01m[K/opt/ros/humble/include/rclcpp/rclcpp/memory_strategies.hpp:18[m[K,
[2.438s]                  from [01m[K/opt/ros/humble/include/rclcpp/rclcpp/executor_options.hpp:20[m[K,
[2.438s]                  from [01m[K/opt/ros/humble/include/rclcpp/rclcpp/executor.hpp:37[m[K,
[2.438s]                  from [01m[K/opt/ros/humble/include/rclcpp/rclcpp/executors/multi_threaded_executor.hpp:25[m[K,
[2.438s]                  from [01m[K/opt/ros/humble/include/rclcpp/rclcpp/executors.hpp:21[m[K,
[2.438s]                  from [01m[K/opt/ros/humble/include/rclcpp/rclcpp/rclcpp.hpp:155[m[K,
[2.438s]                  from [01m[K/workspaces/citros_px4/example_ws/src/px4_ros_com/src/examples/advertisers/debug_vect_advertiser.cpp:41[m[K:
[2.438s] [01m[K/workspaces/citros_px4/example_ws/src/px4_ros_com/src/examples/advertisers/debug_vect_advertiser.cpp:[m[K In lambda function:
[2.438s] [01m[K/workspaces/citros_px4/example_ws/src/px4_ros_com/src/examples/advertisers/debug_vect_advertiser.cpp:62:57:[m[K [01;35m[Kwarning: [m[Kformat ‘[01m[K%llu[m[K’ expects argument of type ‘[01m[Klong long unsigned int[m[K’, but argument 5 has type ‘[01m[Kpx4_msgs::msg::DebugVect_<std::allocator<void> >::_timestamp_type[m[K’ {aka ‘[01m[Klong unsigned int[m[K’} [[01;35m[K-Wformat=[m[K]
[2.438s]    62 |                         RCLCPP_INFO(this->get_logger(), [01;35m[K"\033[97m Publishing debug_vect: time: %llu x: %f y: %f z: %f \033[0m"[m[K,
[2.439s]       |                                                         [01;35m[K^~~~~~~~~~~~~~~~~~~~~~~~~~~~~~~~~~~~~~~~~~~~~~~~~~~~~~~~~~~~~~~~~~~~~~[m[K
[2.439s]    63 |                                     [32m[Kdebug_vect.timestamp[m[K, debug_vect.x, debug_vect.y, debug_vect.z);
[2.439s]       |                                     [32m[K~~~~~~~~~~~~~~~~~~~~[m[K 
[2.439s]       |                                                [32m[K|[m[K
[2.439s]       |                                                [32m[Kpx4_msgs::msg::DebugVect_<std::allocator<void> >::_timestamp_type {aka long unsigned int}[m[K
[2.439s] [01m[K/workspaces/citros_px4/example_ws/src/px4_ros_com/src/examples/advertisers/debug_vect_advertiser.cpp:62:99:[m[K [01;36m[Knote: [m[Kformat string is defined here
[2.439s]    62 |                         RCLCPP_INFO(this->get_logger(), "\033[97m Publishing debug_vect: time: [01;36m[K%llu[m[K x: %f y: %f z: %f \033[0m",
[2.439s]       |                                                                                                [01;36m[K~~~^[m[K
[2.439s]       |                                                                                                   [01;36m[K|[m[K
[2.439s]       |                                                                                                   [01;36m[Klong long unsigned int[m[K
[2.439s]       |                                                                                                [32m[K%lu[m[K
[3.662s] [ 60%] [32m[1mLinking CXX executable debug_vect_advertiser[0m
[3.782s] [ 60%] Built target debug_vect_advertiser
[4.102s] [ 70%] [32m[1mLinking CXX executable offboard_control[0m
[4.237s] [ 70%] Built target offboard_control
[5.229s] [ 80%] [32m[1mLinking CXX shared library libframe_transforms.so[0m
[5.381s] [ 80%] Built target frame_transforms
[5.856s] [ 90%] [32m[1mLinking CXX executable sensor_combined_listener[0m
[5.874s] [100%] [32m[1mLinking CXX executable vehicle_gps_position_listener[0m
[6.068s] [100%] Built target sensor_combined_listener
[6.083s] [100%] Built target vehicle_gps_position_listener
[6.089s] Invoked command in '/workspaces/citros_px4/example_ws/build/px4_ros_com' returned '0': AMENT_PREFIX_PATH=/workspaces/citros_px4/example_ws/install/px4_msgs:${AMENT_PREFIX_PATH} CMAKE_PREFIX_PATH=/workspaces/citros_px4/example_ws/install/px4_msgs:/workspaces/citros_px4/microros_ws/install/micro_ros_setup:/opt/ros/humble LD_LIBRARY_PATH=/workspaces/citros_px4/example_ws/install/px4_msgs/lib:${LD_LIBRARY_PATH} PYTHONPATH=/workspaces/citros_px4/example_ws/install/px4_msgs/local/lib/python3.10/dist-packages:${PYTHONPATH} /usr/bin/cmake --build /workspaces/citros_px4/example_ws/build/px4_ros_com -- -j20 -l20
[6.108s] Invoking command in '/workspaces/citros_px4/example_ws/build/px4_ros_com': AMENT_PREFIX_PATH=/workspaces/citros_px4/example_ws/install/px4_msgs:${AMENT_PREFIX_PATH} CMAKE_PREFIX_PATH=/workspaces/citros_px4/example_ws/install/px4_msgs:/workspaces/citros_px4/microros_ws/install/micro_ros_setup:/opt/ros/humble LD_LIBRARY_PATH=/workspaces/citros_px4/example_ws/install/px4_msgs/lib:${LD_LIBRARY_PATH} PYTHONPATH=/workspaces/citros_px4/example_ws/install/px4_msgs/local/lib/python3.10/dist-packages:${PYTHONPATH} /usr/bin/cmake --install /workspaces/citros_px4/example_ws/build/px4_ros_com
[6.111s] -- Install configuration: ""
[6.111s] -- Installing: /workspaces/citros_px4/example_ws/install/px4_ros_com/lib/px4_ros_com/sensor_combined_listener
[6.113s] -- Set runtime path of "/workspaces/citros_px4/example_ws/install/px4_ros_com/lib/px4_ros_com/sensor_combined_listener" to ""
[6.113s] -- Installing: /workspaces/citros_px4/example_ws/install/px4_ros_com/lib/px4_ros_com/vehicle_gps_position_listener
[6.115s] -- Set runtime path of "/workspaces/citros_px4/example_ws/install/px4_ros_com/lib/px4_ros_com/vehicle_gps_position_listener" to ""
[6.115s] -- Installing: /workspaces/citros_px4/example_ws/install/px4_ros_com/lib/px4_ros_com/debug_vect_advertiser
[6.116s] -- Set runtime path of "/workspaces/citros_px4/example_ws/install/px4_ros_com/lib/px4_ros_com/debug_vect_advertiser" to ""
[6.116s] -- Installing: /workspaces/citros_px4/example_ws/install/px4_ros_com/lib/px4_ros_com/offboard_control
[6.116s] -- Set runtime path of "/workspaces/citros_px4/example_ws/install/px4_ros_com/lib/px4_ros_com/offboard_control" to ""
[6.116s] -- Installing: /workspaces/citros_px4/example_ws/install/px4_ros_com/share/px4_ros_com/environment/library_path.sh
[6.117s] -- Installing: /workspaces/citros_px4/example_ws/install/px4_ros_com/share/px4_ros_com/environment/library_path.dsv
[6.117s] -- Installing: /workspaces/citros_px4/example_ws/install/px4_ros_com/include/px4_ros_com
[6.117s] -- Installing: /workspaces/citros_px4/example_ws/install/px4_ros_com/include/px4_ros_com/frame_transforms.h
[6.117s] -- Installing: /workspaces/citros_px4/example_ws/install/px4_ros_com/lib/libframe_transforms.so
[6.118s] -- Set runtime path of "/workspaces/citros_px4/example_ws/install/px4_ros_com/lib/libframe_transforms.so" to ""
[6.118s] -- Installing: /workspaces/citros_px4/example_ws/install/px4_ros_com/share/px4_ros_com//launch
[6.119s] -- Installing: /workspaces/citros_px4/example_ws/install/px4_ros_com/share/px4_ros_com//launch/offboard_control_launch.yaml
[6.119s] -- Installing: /workspaces/citros_px4/example_ws/install/px4_ros_com/share/px4_ros_com//launch/sensor_combined_listener.launch.py
[6.119s] -- Installing: /workspaces/citros_px4/example_ws/install/px4_ros_com/share/px4_ros_com//test
[6.119s] -- Installing: /workspaces/citros_px4/example_ws/install/px4_ros_com/share/px4_ros_com//test/test_input.py
[6.119s] -- Installing: /workspaces/citros_px4/example_ws/install/px4_ros_com/share/px4_ros_com//test/pipeline_io_test.py
[6.119s] -- Installing: /workspaces/citros_px4/example_ws/install/px4_ros_com/share/px4_ros_com//test/test_output.py
[6.119s] -- Installing: /workspaces/citros_px4/example_ws/install/px4_ros_com/share/px4_ros_com//test/__init__.py
[6.119s] -- Installing: /workspaces/citros_px4/example_ws/install/px4_ros_com/share/ament_index/resource_index/package_run_dependencies/px4_ros_com
[6.119s] -- Installing: /workspaces/citros_px4/example_ws/install/px4_ros_com/share/ament_index/resource_index/parent_prefix_path/px4_ros_com
[6.119s] -- Installing: /workspaces/citros_px4/example_ws/install/px4_ros_com/share/px4_ros_com/environment/ament_prefix_path.sh
[6.119s] -- Installing: /workspaces/citros_px4/example_ws/install/px4_ros_com/share/px4_ros_com/environment/ament_prefix_path.dsv
[6.119s] -- Installing: /workspaces/citros_px4/example_ws/install/px4_ros_com/share/px4_ros_com/environment/path.sh
[6.119s] -- Installing: /workspaces/citros_px4/example_ws/install/px4_ros_com/share/px4_ros_com/environment/path.dsv
[6.120s] -- Installing: /workspaces/citros_px4/example_ws/install/px4_ros_com/share/px4_ros_com/local_setup.bash
[6.120s] -- Installing: /workspaces/citros_px4/example_ws/install/px4_ros_com/share/px4_ros_com/local_setup.sh
[6.120s] -- Installing: /workspaces/citros_px4/example_ws/install/px4_ros_com/share/px4_ros_com/local_setup.zsh
[6.120s] -- Installing: /workspaces/citros_px4/example_ws/install/px4_ros_com/share/px4_ros_com/local_setup.dsv
[6.120s] -- Installing: /workspaces/citros_px4/example_ws/install/px4_ros_com/share/px4_ros_com/package.dsv
[6.120s] -- Installing: /workspaces/citros_px4/example_ws/install/px4_ros_com/share/ament_index/resource_index/packages/px4_ros_com
[6.120s] -- Installing: /workspaces/citros_px4/example_ws/install/px4_ros_com/share/px4_ros_com/cmake/export_frame_transformsExport.cmake
[6.120s] -- Installing: /workspaces/citros_px4/example_ws/install/px4_ros_com/share/px4_ros_com/cmake/export_frame_transformsExport-noconfig.cmake
[6.120s] -- Installing: /workspaces/citros_px4/example_ws/install/px4_ros_com/share/px4_ros_com/cmake/ament_cmake_export_dependencies-extras.cmake
[6.120s] -- Installing: /workspaces/citros_px4/example_ws/install/px4_ros_com/share/px4_ros_com/cmake/ament_cmake_export_targets-extras.cmake
[6.120s] -- Installing: /workspaces/citros_px4/example_ws/install/px4_ros_com/share/px4_ros_com/cmake/ament_cmake_export_include_directories-extras.cmake
[6.120s] -- Installing: /workspaces/citros_px4/example_ws/install/px4_ros_com/share/px4_ros_com/cmake/ament_cmake_export_libraries-extras.cmake
[6.120s] -- Installing: /workspaces/citros_px4/example_ws/install/px4_ros_com/share/px4_ros_com/cmake/px4_ros_comConfig.cmake
[6.120s] -- Installing: /workspaces/citros_px4/example_ws/install/px4_ros_com/share/px4_ros_com/cmake/px4_ros_comConfig-version.cmake
[6.120s] -- Installing: /workspaces/citros_px4/example_ws/install/px4_ros_com/share/px4_ros_com/package.xml
[6.122s] Invoked command in '/workspaces/citros_px4/example_ws/build/px4_ros_com' returned '0': AMENT_PREFIX_PATH=/workspaces/citros_px4/example_ws/install/px4_msgs:${AMENT_PREFIX_PATH} CMAKE_PREFIX_PATH=/workspaces/citros_px4/example_ws/install/px4_msgs:/workspaces/citros_px4/microros_ws/install/micro_ros_setup:/opt/ros/humble LD_LIBRARY_PATH=/workspaces/citros_px4/example_ws/install/px4_msgs/lib:${LD_LIBRARY_PATH} PYTHONPATH=/workspaces/citros_px4/example_ws/install/px4_msgs/local/lib/python3.10/dist-packages:${PYTHONPATH} /usr/bin/cmake --install /workspaces/citros_px4/example_ws/build/px4_ros_com
