/usr/lib/python3/dist-packages/setuptools/dist.py:723: UserWarning: Usage of dash-separated 'script-dir' will not be supported in future versions. Please use the underscore name 'script_dir' instead
  warnings.warn(
running egg_info
creating ../../build/px4_offboard/px4_offboard.egg-info
writing ../../build/px4_offboard/px4_offboard.egg-info/PKG-INFO
writing dependency_links to ../../build/px4_offboard/px4_offboard.egg-info/dependency_links.txt
writing entry points to ../../build/px4_offboard/px4_offboard.egg-info/entry_points.txt
writing requirements to ../../build/px4_offboard/px4_offboard.egg-info/requires.txt
writing top-level names to ../../build/px4_offboard/px4_offboard.egg-info/top_level.txt
writing manifest file '../../build/px4_offboard/px4_offboard.egg-info/SOURCES.txt'
reading manifest file '../../build/px4_offboard/px4_offboard.egg-info/SOURCES.txt'
adding license file 'LICENSE'
writing manifest file '../../build/px4_offboard/px4_offboard.egg-info/SOURCES.txt'
running build
running build_py
creating /workspaces/citros_px4/example_ws/build/px4_offboard/build
creating /workspaces/citros_px4/example_ws/build/px4_offboard/build/lib
creating /workspaces/citros_px4/example_ws/build/px4_offboard/build/lib/px4_offboard
copying px4_offboard/offboard_control.py -> /workspaces/citros_px4/example_ws/build/px4_offboard/build/lib/px4_offboard
copying px4_offboard/__init__.py -> /workspaces/citros_px4/example_ws/build/px4_offboard/build/lib/px4_offboard
copying px4_offboard/visualizer.py -> /workspaces/citros_px4/example_ws/build/px4_offboard/build/lib/px4_offboard
running install
/usr/lib/python3/dist-packages/setuptools/command/install.py:34: SetuptoolsDeprecationWarning: setup.py install is deprecated. Use build and pip and other standards-based tools.
  warnings.warn(
running install_lib
creating /workspaces/citros_px4/example_ws/install/px4_offboard/lib/python3.10/site-packages/px4_offboard
copying /workspaces/citros_px4/example_ws/build/px4_offboard/build/lib/px4_offboard/offboard_control.py -> /workspaces/citros_px4/example_ws/install/px4_offboard/lib/python3.10/site-packages/px4_offboard
copying /workspaces/citros_px4/example_ws/build/px4_offboard/build/lib/px4_offboard/__init__.py -> /workspaces/citros_px4/example_ws/install/px4_offboard/lib/python3.10/site-packages/px4_offboard
copying /workspaces/citros_px4/example_ws/build/px4_offboard/build/lib/px4_offboard/visualizer.py -> /workspaces/citros_px4/example_ws/install/px4_offboard/lib/python3.10/site-packages/px4_offboard
byte-compiling /workspaces/citros_px4/example_ws/install/px4_offboard/lib/python3.10/site-packages/px4_offboard/offboard_control.py to offboard_control.cpython-310.pyc
byte-compiling /workspaces/citros_px4/example_ws/install/px4_offboard/lib/python3.10/site-packages/px4_offboard/__init__.py to __init__.cpython-310.pyc
byte-compiling /workspaces/citros_px4/example_ws/install/px4_offboard/lib/python3.10/site-packages/px4_offboard/visualizer.py to visualizer.cpython-310.pyc
running install_data
creating /workspaces/citros_px4/example_ws/install/px4_offboard/share/ament_index
creating /workspaces/citros_px4/example_ws/install/px4_offboard/share/ament_index/resource_index
creating /workspaces/citros_px4/example_ws/install/px4_offboard/share/ament_index/resource_index/packages
copying resource/px4_offboard -> /workspaces/citros_px4/example_ws/install/px4_offboard/share/ament_index/resource_index/packages
copying resource/visualize.rviz -> /workspaces/citros_px4/example_ws/install/px4_offboard/share/ament_index/resource_index/packages
copying package.xml -> /workspaces/citros_px4/example_ws/install/px4_offboard/share/px4_offboard
copying launch/offboard_position_control.launch.py -> /workspaces/citros_px4/example_ws/install/px4_offboard/share/px4_offboard
copying launch/visualize.launch.py -> /workspaces/citros_px4/example_ws/install/px4_offboard/share/px4_offboard
copying resource/visualize.rviz -> /workspaces/citros_px4/example_ws/install/px4_offboard/share/px4_offboard
running install_egg_info
Copying ../../build/px4_offboard/px4_offboard.egg-info to /workspaces/citros_px4/example_ws/install/px4_offboard/lib/python3.10/site-packages/px4_offboard-0.0.0-py3.10.egg-info
running install_scripts
Installing offboard_control script to /workspaces/citros_px4/example_ws/install/px4_offboard/lib/px4_offboard
Installing visualizer script to /workspaces/citros_px4/example_ws/install/px4_offboard/lib/px4_offboard
writing list of installed files to '/workspaces/citros_px4/example_ws/build/px4_offboard/install.log'
