[0.321s] Invoking command in '/workspaces/citros_px4/example_ws/src/px4-offboard': AMENT_PREFIX_PATH=/workspaces/citros_px4/example_ws/install/px4_msgs:${AMENT_PREFIX_PATH} CMAKE_PREFIX_PATH=/workspaces/citros_px4/example_ws/install/px4_msgs:${CMAKE_PREFIX_PATH} LD_LIBRARY_PATH=/workspaces/citros_px4/example_ws/install/px4_msgs/lib:${LD_LIBRARY_PATH} PYTHONPATH=/workspaces/citros_px4/example_ws/build/px4_offboard/prefix_override:/workspaces/citros_px4/example_ws/install/px4_offboard/lib/python3.10/site-packages:/workspaces/citros_px4/example_ws/install/px4_msgs/local/lib/python3.10/dist-packages:${PYTHONPATH} /usr/bin/python3 setup.py egg_info --egg-base ../../build/px4_offboard build --build-base /workspaces/citros_px4/example_ws/build/px4_offboard/build install --record /workspaces/citros_px4/example_ws/build/px4_offboard/install.log --install-scripts $base/lib/px4_offboard --single-version-externally-managed
[0.433s] /usr/lib/python3/dist-packages/setuptools/dist.py:723: UserWarning: Usage of dash-separated 'script-dir' will not be supported in future versions. Please use the underscore name 'script_dir' instead
[0.433s]   warnings.warn(
[0.438s] running egg_info
[0.438s] creating ../../build/px4_offboard/px4_offboard.egg-info
[0.439s] writing ../../build/px4_offboard/px4_offboard.egg-info/PKG-INFO
[0.439s] writing dependency_links to ../../build/px4_offboard/px4_offboard.egg-info/dependency_links.txt
[0.439s] writing entry points to ../../build/px4_offboard/px4_offboard.egg-info/entry_points.txt
[0.439s] writing requirements to ../../build/px4_offboard/px4_offboard.egg-info/requires.txt
[0.439s] writing top-level names to ../../build/px4_offboard/px4_offboard.egg-info/top_level.txt
[0.439s] writing manifest file '../../build/px4_offboard/px4_offboard.egg-info/SOURCES.txt'
[0.440s] reading manifest file '../../build/px4_offboard/px4_offboard.egg-info/SOURCES.txt'
[0.440s] adding license file 'LICENSE'
[0.440s] writing manifest file '../../build/px4_offboard/px4_offboard.egg-info/SOURCES.txt'
[0.440s] running build
[0.440s] running build_py
[0.440s] creating /workspaces/citros_px4/example_ws/build/px4_offboard/build
[0.440s] creating /workspaces/citros_px4/example_ws/build/px4_offboard/build/lib
[0.440s] creating /workspaces/citros_px4/example_ws/build/px4_offboard/build/lib/px4_offboard
[0.440s] copying px4_offboard/offboard_control.py -> /workspaces/citros_px4/example_ws/build/px4_offboard/build/lib/px4_offboard
[0.440s] copying px4_offboard/__init__.py -> /workspaces/citros_px4/example_ws/build/px4_offboard/build/lib/px4_offboard
[0.440s] copying px4_offboard/visualizer.py -> /workspaces/citros_px4/example_ws/build/px4_offboard/build/lib/px4_offboard
[0.440s] running install
[0.440s] /usr/lib/python3/dist-packages/setuptools/command/install.py:34: SetuptoolsDeprecationWarning: setup.py install is deprecated. Use build and pip and other standards-based tools.
[0.440s]   warnings.warn(
[0.441s] running install_lib
[0.441s] creating /workspaces/citros_px4/example_ws/install/px4_offboard/lib/python3.10/site-packages/px4_offboard
[0.441s] copying /workspaces/citros_px4/example_ws/build/px4_offboard/build/lib/px4_offboard/offboard_control.py -> /workspaces/citros_px4/example_ws/install/px4_offboard/lib/python3.10/site-packages/px4_offboard
[0.441s] copying /workspaces/citros_px4/example_ws/build/px4_offboard/build/lib/px4_offboard/__init__.py -> /workspaces/citros_px4/example_ws/install/px4_offboard/lib/python3.10/site-packages/px4_offboard
[0.441s] copying /workspaces/citros_px4/example_ws/build/px4_offboard/build/lib/px4_offboard/visualizer.py -> /workspaces/citros_px4/example_ws/install/px4_offboard/lib/python3.10/site-packages/px4_offboard
[0.442s] byte-compiling /workspaces/citros_px4/example_ws/install/px4_offboard/lib/python3.10/site-packages/px4_offboard/offboard_control.py to offboard_control.cpython-310.pyc
[0.442s] byte-compiling /workspaces/citros_px4/example_ws/install/px4_offboard/lib/python3.10/site-packages/px4_offboard/__init__.py to __init__.cpython-310.pyc
[0.442s] byte-compiling /workspaces/citros_px4/example_ws/install/px4_offboard/lib/python3.10/site-packages/px4_offboard/visualizer.py to visualizer.cpython-310.pyc
[0.443s] running install_data
[0.443s] creating /workspaces/citros_px4/example_ws/install/px4_offboard/share/ament_index
[0.443s] creating /workspaces/citros_px4/example_ws/install/px4_offboard/share/ament_index/resource_index
[0.443s] creating /workspaces/citros_px4/example_ws/install/px4_offboard/share/ament_index/resource_index/packages
[0.443s] copying resource/px4_offboard -> /workspaces/citros_px4/example_ws/install/px4_offboard/share/ament_index/resource_index/packages
[0.443s] copying resource/visualize.rviz -> /workspaces/citros_px4/example_ws/install/px4_offboard/share/ament_index/resource_index/packages
[0.443s] copying package.xml -> /workspaces/citros_px4/example_ws/install/px4_offboard/share/px4_offboard
[0.443s] copying launch/offboard_position_control.launch.py -> /workspaces/citros_px4/example_ws/install/px4_offboard/share/px4_offboard
[0.443s] copying launch/visualize.launch.py -> /workspaces/citros_px4/example_ws/install/px4_offboard/share/px4_offboard
[0.443s] copying resource/visualize.rviz -> /workspaces/citros_px4/example_ws/install/px4_offboard/share/px4_offboard
[0.443s] running install_egg_info
[0.444s] Copying ../../build/px4_offboard/px4_offboard.egg-info to /workspaces/citros_px4/example_ws/install/px4_offboard/lib/python3.10/site-packages/px4_offboard-0.0.0-py3.10.egg-info
[0.445s] running install_scripts
[0.458s] Installing offboard_control script to /workspaces/citros_px4/example_ws/install/px4_offboard/lib/px4_offboard
[0.458s] Installing visualizer script to /workspaces/citros_px4/example_ws/install/px4_offboard/lib/px4_offboard
[0.458s] writing list of installed files to '/workspaces/citros_px4/example_ws/build/px4_offboard/install.log'
[0.474s] Invoked command in '/workspaces/citros_px4/example_ws/src/px4-offboard' returned '0': AMENT_PREFIX_PATH=/workspaces/citros_px4/example_ws/install/px4_msgs:${AMENT_PREFIX_PATH} CMAKE_PREFIX_PATH=/workspaces/citros_px4/example_ws/install/px4_msgs:${CMAKE_PREFIX_PATH} LD_LIBRARY_PATH=/workspaces/citros_px4/example_ws/install/px4_msgs/lib:${LD_LIBRARY_PATH} PYTHONPATH=/workspaces/citros_px4/example_ws/build/px4_offboard/prefix_override:/workspaces/citros_px4/example_ws/install/px4_offboard/lib/python3.10/site-packages:/workspaces/citros_px4/example_ws/install/px4_msgs/local/lib/python3.10/dist-packages:${PYTHONPATH} /usr/bin/python3 setup.py egg_info --egg-base ../../build/px4_offboard build --build-base /workspaces/citros_px4/example_ws/build/px4_offboard/build install --record /workspaces/citros_px4/example_ws/build/px4_offboard/install.log --install-scripts $base/lib/px4_offboard --single-version-externally-managed
