[0.167s] DEBUG:colcon:Command line arguments: ['/usr/bin/colcon', 'build']
[0.167s] DEBUG:colcon:Parsed command line arguments: Namespace(log_base=None, log_level=None, verb_name='build', build_base='build', install_base='install', merge_install=False, symlink_install=False, test_result_base=None, continue_on_error=False, executor='parallel', parallel_workers=20, event_handlers=None, ignore_user_meta=False, metas=['./colcon.meta'], base_paths=['.'], packages_ignore=None, packages_ignore_regex=None, paths=None, packages_up_to=None, packages_up_to_regex=None, packages_above=None, packages_above_and_dependencies=None, packages_above_depth=None, packages_select_by_dep=None, packages_skip_by_dep=None, packages_skip_up_to=None, packages_select_build_failed=False, packages_skip_build_finished=False, packages_select_test_failures=False, packages_skip_test_passed=False, packages_select=None, packages_skip=None, packages_select_regex=None, packages_skip_regex=None, packages_start=None, packages_end=None, allow_overriding=[], cmake_args=None, cmake_target=None, cmake_target_skip_unavailable=False, cmake_clean_cache=False, cmake_clean_first=False, cmake_force_configure=False, ament_cmake_args=None, catkin_cmake_args=None, catkin_skip_building_tests=False, verb_parser=<colcon_defaults.argument_parser.defaults.DefaultArgumentsDecorator object at 0x7f542a362260>, verb_extension=<colcon_core.verb.build.BuildVerb object at 0x7f542ab6c280>, main=<bound method BuildVerb.main of <colcon_core.verb.build.BuildVerb object at 0x7f542ab6c280>>)
[0.186s] Level 1:colcon.colcon_core.package_discovery:discover_packages(colcon_meta) check parameters
[0.186s] Level 1:colcon.colcon_core.package_discovery:discover_packages(recursive) check parameters
[0.186s] Level 1:colcon.colcon_core.package_discovery:discover_packages(ignore) check parameters
[0.186s] Level 1:colcon.colcon_core.package_discovery:discover_packages(path) check parameters
[0.186s] Level 1:colcon.colcon_core.package_discovery:discover_packages(colcon_meta) discover
[0.186s] Level 1:colcon.colcon_core.package_discovery:discover_packages(recursive) discover
[0.186s] INFO:colcon.colcon_core.package_discovery:Crawling recursively for packages in '/workspaces/citros_px4/example_ws'
[0.186s] Level 1:colcon.colcon_core.package_identification:_identify(.) by extensions ['ignore', 'ignore_ament_install']
[0.186s] Level 1:colcon.colcon_core.package_identification:_identify(.) by extension 'ignore'
[0.186s] Level 1:colcon.colcon_core.package_identification:_identify(.) by extension 'ignore_ament_install'
[0.186s] Level 1:colcon.colcon_core.package_identification:_identify(.) by extensions ['colcon_pkg']
[0.186s] Level 1:colcon.colcon_core.package_identification:_identify(.) by extension 'colcon_pkg'
[0.186s] Level 1:colcon.colcon_core.package_identification:_identify(.) by extensions ['colcon_meta']
[0.186s] Level 1:colcon.colcon_core.package_identification:_identify(.) by extension 'colcon_meta'
[0.186s] Level 1:colcon.colcon_core.package_identification:_identify(.) by extensions ['ros']
[0.186s] Level 1:colcon.colcon_core.package_identification:_identify(.) by extension 'ros'
[0.193s] Level 1:colcon.colcon_core.package_identification:_identify(.) by extensions ['cmake', 'python']
[0.193s] Level 1:colcon.colcon_core.package_identification:_identify(.) by extension 'cmake'
[0.193s] Level 1:colcon.colcon_core.package_identification:_identify(.) by extension 'python'
[0.193s] Level 1:colcon.colcon_core.package_identification:_identify(.) by extensions ['python_setup_py']
[0.193s] Level 1:colcon.colcon_core.package_identification:_identify(.) by extension 'python_setup_py'
[0.193s] Level 1:colcon.colcon_core.package_identification:_identify(build) by extensions ['ignore', 'ignore_ament_install']
[0.193s] Level 1:colcon.colcon_core.package_identification:_identify(build) by extension 'ignore'
[0.193s] Level 1:colcon.colcon_core.package_identification:_identify(build) ignored
[0.193s] Level 1:colcon.colcon_core.package_identification:_identify(install) by extensions ['ignore', 'ignore_ament_install']
[0.193s] Level 1:colcon.colcon_core.package_identification:_identify(install) by extension 'ignore'
[0.193s] Level 1:colcon.colcon_core.package_identification:_identify(install) ignored
[0.193s] Level 1:colcon.colcon_core.package_identification:_identify(log) by extensions ['ignore', 'ignore_ament_install']
[0.193s] Level 1:colcon.colcon_core.package_identification:_identify(log) by extension 'ignore'
[0.193s] Level 1:colcon.colcon_core.package_identification:_identify(log) ignored
[0.193s] Level 1:colcon.colcon_core.package_identification:_identify(src) by extensions ['ignore', 'ignore_ament_install']
[0.193s] Level 1:colcon.colcon_core.package_identification:_identify(src) by extension 'ignore'
[0.193s] Level 1:colcon.colcon_core.package_identification:_identify(src) by extension 'ignore_ament_install'
[0.193s] Level 1:colcon.colcon_core.package_identification:_identify(src) by extensions ['colcon_pkg']
[0.193s] Level 1:colcon.colcon_core.package_identification:_identify(src) by extension 'colcon_pkg'
[0.193s] Level 1:colcon.colcon_core.package_identification:_identify(src) by extensions ['colcon_meta']
[0.193s] Level 1:colcon.colcon_core.package_identification:_identify(src) by extension 'colcon_meta'
[0.193s] Level 1:colcon.colcon_core.package_identification:_identify(src) by extensions ['ros']
[0.193s] Level 1:colcon.colcon_core.package_identification:_identify(src) by extension 'ros'
[0.193s] Level 1:colcon.colcon_core.package_identification:_identify(src) by extensions ['cmake', 'python']
[0.193s] Level 1:colcon.colcon_core.package_identification:_identify(src) by extension 'cmake'
[0.193s] Level 1:colcon.colcon_core.package_identification:_identify(src) by extension 'python'
[0.193s] Level 1:colcon.colcon_core.package_identification:_identify(src) by extensions ['python_setup_py']
[0.193s] Level 1:colcon.colcon_core.package_identification:_identify(src) by extension 'python_setup_py'
[0.193s] Level 1:colcon.colcon_core.package_identification:_identify(src/px4-offboard) by extensions ['ignore', 'ignore_ament_install']
[0.194s] Level 1:colcon.colcon_core.package_identification:_identify(src/px4-offboard) by extension 'ignore'
[0.194s] Level 1:colcon.colcon_core.package_identification:_identify(src/px4-offboard) by extension 'ignore_ament_install'
[0.194s] Level 1:colcon.colcon_core.package_identification:_identify(src/px4-offboard) by extensions ['colcon_pkg']
[0.194s] Level 1:colcon.colcon_core.package_identification:_identify(src/px4-offboard) by extension 'colcon_pkg'
[0.194s] Level 1:colcon.colcon_core.package_identification:_identify(src/px4-offboard) by extensions ['colcon_meta']
[0.194s] Level 1:colcon.colcon_core.package_identification:_identify(src/px4-offboard) by extension 'colcon_meta'
[0.194s] Level 1:colcon.colcon_core.package_identification:_identify(src/px4-offboard) by extensions ['ros']
[0.194s] Level 1:colcon.colcon_core.package_identification:_identify(src/px4-offboard) by extension 'ros'
[0.195s] DEBUG:colcon.colcon_core.package_identification:Package 'src/px4-offboard' with type 'ros.ament_python' and name 'px4_offboard'
[0.195s] Level 1:colcon.colcon_core.package_identification:_identify(src/px4_msgs) by extensions ['ignore', 'ignore_ament_install']
[0.195s] Level 1:colcon.colcon_core.package_identification:_identify(src/px4_msgs) by extension 'ignore'
[0.195s] Level 1:colcon.colcon_core.package_identification:_identify(src/px4_msgs) by extension 'ignore_ament_install'
[0.195s] Level 1:colcon.colcon_core.package_identification:_identify(src/px4_msgs) by extensions ['colcon_pkg']
[0.195s] Level 1:colcon.colcon_core.package_identification:_identify(src/px4_msgs) by extension 'colcon_pkg'
[0.195s] Level 1:colcon.colcon_core.package_identification:_identify(src/px4_msgs) by extensions ['colcon_meta']
[0.195s] Level 1:colcon.colcon_core.package_identification:_identify(src/px4_msgs) by extension 'colcon_meta'
[0.195s] Level 1:colcon.colcon_core.package_identification:_identify(src/px4_msgs) by extensions ['ros']
[0.195s] Level 1:colcon.colcon_core.package_identification:_identify(src/px4_msgs) by extension 'ros'
[0.196s] DEBUG:colcon.colcon_core.package_identification:Package 'src/px4_msgs' with type 'ros.ament_cmake' and name 'px4_msgs'
[0.196s] Level 1:colcon.colcon_core.package_identification:_identify(src/px4_ros_com) by extensions ['ignore', 'ignore_ament_install']
[0.196s] Level 1:colcon.colcon_core.package_identification:_identify(src/px4_ros_com) by extension 'ignore'
[0.196s] Level 1:colcon.colcon_core.package_identification:_identify(src/px4_ros_com) by extension 'ignore_ament_install'
[0.196s] Level 1:colcon.colcon_core.package_identification:_identify(src/px4_ros_com) by extensions ['colcon_pkg']
[0.196s] Level 1:colcon.colcon_core.package_identification:_identify(src/px4_ros_com) by extension 'colcon_pkg'
[0.196s] Level 1:colcon.colcon_core.package_identification:_identify(src/px4_ros_com) by extensions ['colcon_meta']
[0.196s] Level 1:colcon.colcon_core.package_identification:_identify(src/px4_ros_com) by extension 'colcon_meta'
[0.196s] Level 1:colcon.colcon_core.package_identification:_identify(src/px4_ros_com) by extensions ['ros']
[0.196s] Level 1:colcon.colcon_core.package_identification:_identify(src/px4_ros_com) by extension 'ros'
[0.196s] DEBUG:colcon.colcon_core.package_identification:Package 'src/px4_ros_com' with type 'ros.ament_cmake' and name 'px4_ros_com'
[0.197s] Level 1:colcon.colcon_core.package_discovery:discover_packages(recursive) using defaults
[0.197s] Level 1:colcon.colcon_core.package_discovery:discover_packages(ignore) discover
[0.197s] Level 1:colcon.colcon_core.package_discovery:discover_packages(ignore) using defaults
[0.197s] Level 1:colcon.colcon_core.package_discovery:discover_packages(path) discover
[0.197s] Level 1:colcon.colcon_core.package_discovery:discover_packages(path) using defaults
[0.209s] Level 1:colcon.colcon_core.package_discovery:discover_packages(prefix_path) check parameters
[0.209s] Level 1:colcon.colcon_core.package_discovery:discover_packages(prefix_path) discover
[0.210s] DEBUG:colcon.colcon_installed_package_information.package_discovery:Found 1 installed packages in /workspaces/citros_px4/microros_ws/install
[0.211s] DEBUG:colcon.colcon_installed_package_information.package_discovery:Found 296 installed packages in /opt/ros/humble
[0.212s] Level 1:colcon.colcon_core.package_discovery:discover_packages(prefix_path) using defaults
[0.241s] Level 5:colcon.colcon_core.verb:set package 'px4_msgs' build argument 'cmake_args' from command line to 'None'
[0.242s] Level 5:colcon.colcon_core.verb:set package 'px4_msgs' build argument 'cmake_target' from command line to 'None'
[0.242s] Level 5:colcon.colcon_core.verb:set package 'px4_msgs' build argument 'cmake_target_skip_unavailable' from command line to 'False'
[0.242s] Level 5:colcon.colcon_core.verb:set package 'px4_msgs' build argument 'cmake_clean_cache' from command line to 'False'
[0.242s] Level 5:colcon.colcon_core.verb:set package 'px4_msgs' build argument 'cmake_clean_first' from command line to 'False'
[0.242s] Level 5:colcon.colcon_core.verb:set package 'px4_msgs' build argument 'cmake_force_configure' from command line to 'False'
[0.242s] Level 5:colcon.colcon_core.verb:set package 'px4_msgs' build argument 'ament_cmake_args' from command line to 'None'
[0.242s] Level 5:colcon.colcon_core.verb:set package 'px4_msgs' build argument 'catkin_cmake_args' from command line to 'None'
[0.242s] Level 5:colcon.colcon_core.verb:set package 'px4_msgs' build argument 'catkin_skip_building_tests' from command line to 'False'
[0.242s] DEBUG:colcon.colcon_core.verb:Building package 'px4_msgs' with the following arguments: {'ament_cmake_args': None, 'build_base': '/workspaces/citros_px4/example_ws/build/px4_msgs', 'catkin_cmake_args': None, 'catkin_skip_building_tests': False, 'cmake_args': None, 'cmake_clean_cache': False, 'cmake_clean_first': False, 'cmake_force_configure': False, 'cmake_target': None, 'cmake_target_skip_unavailable': False, 'install_base': '/workspaces/citros_px4/example_ws/install/px4_msgs', 'merge_install': False, 'path': '/workspaces/citros_px4/example_ws/src/px4_msgs', 'symlink_install': False, 'test_result_base': None}
[0.242s] Level 5:colcon.colcon_core.verb:set package 'px4_offboard' build argument 'cmake_args' from command line to 'None'
[0.242s] Level 5:colcon.colcon_core.verb:set package 'px4_offboard' build argument 'cmake_target' from command line to 'None'
[0.242s] Level 5:colcon.colcon_core.verb:set package 'px4_offboard' build argument 'cmake_target_skip_unavailable' from command line to 'False'
[0.242s] Level 5:colcon.colcon_core.verb:set package 'px4_offboard' build argument 'cmake_clean_cache' from command line to 'False'
[0.242s] Level 5:colcon.colcon_core.verb:set package 'px4_offboard' build argument 'cmake_clean_first' from command line to 'False'
[0.242s] Level 5:colcon.colcon_core.verb:set package 'px4_offboard' build argument 'cmake_force_configure' from command line to 'False'
[0.242s] Level 5:colcon.colcon_core.verb:set package 'px4_offboard' build argument 'ament_cmake_args' from command line to 'None'
[0.242s] Level 5:colcon.colcon_core.verb:set package 'px4_offboard' build argument 'catkin_cmake_args' from command line to 'None'
[0.242s] Level 5:colcon.colcon_core.verb:set package 'px4_offboard' build argument 'catkin_skip_building_tests' from command line to 'False'
[0.242s] DEBUG:colcon.colcon_core.verb:Building package 'px4_offboard' with the following arguments: {'ament_cmake_args': None, 'build_base': '/workspaces/citros_px4/example_ws/build/px4_offboard', 'catkin_cmake_args': None, 'catkin_skip_building_tests': False, 'cmake_args': None, 'cmake_clean_cache': False, 'cmake_clean_first': False, 'cmake_force_configure': False, 'cmake_target': None, 'cmake_target_skip_unavailable': False, 'install_base': '/workspaces/citros_px4/example_ws/install/px4_offboard', 'merge_install': False, 'path': '/workspaces/citros_px4/example_ws/src/px4-offboard', 'symlink_install': False, 'test_result_base': None}
[0.243s] Level 5:colcon.colcon_core.verb:set package 'px4_ros_com' build argument 'cmake_args' from command line to 'None'
[0.243s] Level 5:colcon.colcon_core.verb:set package 'px4_ros_com' build argument 'cmake_target' from command line to 'None'
[0.243s] Level 5:colcon.colcon_core.verb:set package 'px4_ros_com' build argument 'cmake_target_skip_unavailable' from command line to 'False'
[0.243s] Level 5:colcon.colcon_core.verb:set package 'px4_ros_com' build argument 'cmake_clean_cache' from command line to 'False'
[0.243s] Level 5:colcon.colcon_core.verb:set package 'px4_ros_com' build argument 'cmake_clean_first' from command line to 'False'
[0.243s] Level 5:colcon.colcon_core.verb:set package 'px4_ros_com' build argument 'cmake_force_configure' from command line to 'False'
[0.243s] Level 5:colcon.colcon_core.verb:set package 'px4_ros_com' build argument 'ament_cmake_args' from command line to 'None'
[0.243s] Level 5:colcon.colcon_core.verb:set package 'px4_ros_com' build argument 'catkin_cmake_args' from command line to 'None'
[0.243s] Level 5:colcon.colcon_core.verb:set package 'px4_ros_com' build argument 'catkin_skip_building_tests' from command line to 'False'
[0.243s] DEBUG:colcon.colcon_core.verb:Building package 'px4_ros_com' with the following arguments: {'ament_cmake_args': None, 'build_base': '/workspaces/citros_px4/example_ws/build/px4_ros_com', 'catkin_cmake_args': None, 'catkin_skip_building_tests': False, 'cmake_args': None, 'cmake_clean_cache': False, 'cmake_clean_first': False, 'cmake_force_configure': False, 'cmake_target': None, 'cmake_target_skip_unavailable': False, 'install_base': '/workspaces/citros_px4/example_ws/install/px4_ros_com', 'merge_install': False, 'path': '/workspaces/citros_px4/example_ws/src/px4_ros_com', 'symlink_install': False, 'test_result_base': None}
[0.243s] INFO:colcon.colcon_core.executor:Executing jobs using 'parallel' executor
[0.245s] DEBUG:colcon.colcon_parallel_executor.executor.parallel:run_until_complete
[0.245s] INFO:colcon.colcon_ros.task.ament_cmake.build:Building ROS package in '/workspaces/citros_px4/example_ws/src/px4_msgs' with build type 'ament_cmake'
[0.245s] INFO:colcon.colcon_cmake.task.cmake.build:Building CMake package in '/workspaces/citros_px4/example_ws/src/px4_msgs'
[0.248s] INFO:colcon.colcon_core.plugin_system:Skipping extension 'colcon_core.shell.bat': Not used on non-Windows systems
[0.248s] INFO:colcon.colcon_core.shell:Skip shell extension 'powershell' for command environment: Not usable outside of PowerShell
[0.248s] DEBUG:colcon.colcon_core.shell:Skip shell extension 'dsv' for command environment
[0.252s] DEBUG:colcon.colcon_core.event_handler.log_command:Invoking command in '/workspaces/citros_px4/example_ws/build/px4_msgs': CMAKE_PREFIX_PATH=${CMAKE_PREFIX_PATH}:/opt/ros/humble /usr/bin/cmake /workspaces/citros_px4/example_ws/src/px4_msgs -DCMAKE_INSTALL_PREFIX=/workspaces/citros_px4/example_ws/install/px4_msgs
[2.000s] DEBUG:colcon.colcon_core.event_handler.log_command:Invoked command in '/workspaces/citros_px4/example_ws/build/px4_msgs' returned '0': CMAKE_PREFIX_PATH=${CMAKE_PREFIX_PATH}:/opt/ros/humble /usr/bin/cmake /workspaces/citros_px4/example_ws/src/px4_msgs -DCMAKE_INSTALL_PREFIX=/workspaces/citros_px4/example_ws/install/px4_msgs
[2.000s] DEBUG:colcon.colcon_core.event_handler.log_command:Invoking command in '/workspaces/citros_px4/example_ws/build/px4_msgs': CMAKE_PREFIX_PATH=${CMAKE_PREFIX_PATH}:/opt/ros/humble /usr/bin/cmake --build /workspaces/citros_px4/example_ws/build/px4_msgs -- -j20 -l20
[101.513s] DEBUG:colcon.colcon_core.event_handler.log_command:Invoked command in '/workspaces/citros_px4/example_ws/build/px4_msgs' returned '0': CMAKE_PREFIX_PATH=${CMAKE_PREFIX_PATH}:/opt/ros/humble /usr/bin/cmake --build /workspaces/citros_px4/example_ws/build/px4_msgs -- -j20 -l20
[105.352s] DEBUG:colcon.colcon_core.event_handler.log_command:Invoking command in '/workspaces/citros_px4/example_ws/build/px4_msgs': CMAKE_PREFIX_PATH=${CMAKE_PREFIX_PATH}:/opt/ros/humble /usr/bin/cmake --install /workspaces/citros_px4/example_ws/build/px4_msgs
[105.779s] Level 1:colcon.colcon_core.environment:create_environment_scripts_only(px4_msgs)
[105.779s] DEBUG:colcon.colcon_core.event_handler.log_command:Invoked command in '/workspaces/citros_px4/example_ws/build/px4_msgs' returned '0': CMAKE_PREFIX_PATH=${CMAKE_PREFIX_PATH}:/opt/ros/humble /usr/bin/cmake --install /workspaces/citros_px4/example_ws/build/px4_msgs
[105.782s] Level 1:colcon.colcon_core.environment:checking '/workspaces/citros_px4/example_ws/install/px4_msgs' for CMake module files
[105.782s] Level 1:colcon.colcon_core.environment:checking '/workspaces/citros_px4/example_ws/install/px4_msgs' for CMake config files
[105.782s] Level 1:colcon.colcon_core.shell:create_environment_hook('px4_msgs', 'cmake_prefix_path')
[105.783s] INFO:colcon.colcon_core.shell:Creating environment hook '/workspaces/citros_px4/example_ws/install/px4_msgs/share/px4_msgs/hook/cmake_prefix_path.ps1'
[105.783s] INFO:colcon.colcon_core.shell:Creating environment descriptor '/workspaces/citros_px4/example_ws/install/px4_msgs/share/px4_msgs/hook/cmake_prefix_path.dsv'
[105.784s] INFO:colcon.colcon_core.shell:Creating environment hook '/workspaces/citros_px4/example_ws/install/px4_msgs/share/px4_msgs/hook/cmake_prefix_path.sh'
[105.784s] Level 1:colcon.colcon_core.environment:checking '/workspaces/citros_px4/example_ws/install/px4_msgs/lib'
[105.784s] Level 1:colcon.colcon_core.shell:create_environment_hook('px4_msgs', 'ld_library_path_lib')
[105.785s] INFO:colcon.colcon_core.shell:Creating environment hook '/workspaces/citros_px4/example_ws/install/px4_msgs/share/px4_msgs/hook/ld_library_path_lib.ps1'
[105.785s] INFO:colcon.colcon_core.shell:Creating environment descriptor '/workspaces/citros_px4/example_ws/install/px4_msgs/share/px4_msgs/hook/ld_library_path_lib.dsv'
[105.785s] INFO:colcon.colcon_core.shell:Creating environment hook '/workspaces/citros_px4/example_ws/install/px4_msgs/share/px4_msgs/hook/ld_library_path_lib.sh'
[105.785s] Level 1:colcon.colcon_core.environment:checking '/workspaces/citros_px4/example_ws/install/px4_msgs/bin'
[105.785s] Level 1:colcon.colcon_core.environment:checking '/workspaces/citros_px4/example_ws/install/px4_msgs/lib/pkgconfig/px4_msgs.pc'
[105.785s] Level 1:colcon.colcon_core.environment:checking '/workspaces/citros_px4/example_ws/install/px4_msgs/lib/python3.10/site-packages'
[105.786s] Level 1:colcon.colcon_core.environment:checking '/workspaces/citros_px4/example_ws/install/px4_msgs/bin'
[105.786s] INFO:colcon.colcon_core.shell:Creating package script '/workspaces/citros_px4/example_ws/install/px4_msgs/share/px4_msgs/package.ps1'
[105.787s] INFO:colcon.colcon_core.shell:Creating package descriptor '/workspaces/citros_px4/example_ws/install/px4_msgs/share/px4_msgs/package.dsv'
[105.787s] INFO:colcon.colcon_core.shell:Creating package script '/workspaces/citros_px4/example_ws/install/px4_msgs/share/px4_msgs/package.sh'
[105.787s] INFO:colcon.colcon_core.shell:Creating package script '/workspaces/citros_px4/example_ws/install/px4_msgs/share/px4_msgs/package.bash'
[105.788s] INFO:colcon.colcon_core.shell:Creating package script '/workspaces/citros_px4/example_ws/install/px4_msgs/share/px4_msgs/package.zsh'
[105.788s] Level 1:colcon.colcon_core.environment:create_file_with_runtime_dependencies(/workspaces/citros_px4/example_ws/install/px4_msgs/share/colcon-core/packages/px4_msgs)
[108.826s] Level 1:colcon.colcon_core.environment:create_environment_scripts_only(px4_msgs)
[108.827s] Level 1:colcon.colcon_core.environment:checking '/workspaces/citros_px4/example_ws/install/px4_msgs' for CMake module files
[108.828s] Level 1:colcon.colcon_core.environment:checking '/workspaces/citros_px4/example_ws/install/px4_msgs' for CMake config files
[108.828s] Level 1:colcon.colcon_core.shell:create_environment_hook('px4_msgs', 'cmake_prefix_path')
[108.828s] INFO:colcon.colcon_core.shell:Creating environment hook '/workspaces/citros_px4/example_ws/install/px4_msgs/share/px4_msgs/hook/cmake_prefix_path.ps1'
[108.829s] INFO:colcon.colcon_core.shell:Creating environment descriptor '/workspaces/citros_px4/example_ws/install/px4_msgs/share/px4_msgs/hook/cmake_prefix_path.dsv'
[108.829s] INFO:colcon.colcon_core.shell:Creating environment hook '/workspaces/citros_px4/example_ws/install/px4_msgs/share/px4_msgs/hook/cmake_prefix_path.sh'
[108.829s] Level 1:colcon.colcon_core.environment:checking '/workspaces/citros_px4/example_ws/install/px4_msgs/lib'
[108.829s] Level 1:colcon.colcon_core.shell:create_environment_hook('px4_msgs', 'ld_library_path_lib')
[108.830s] INFO:colcon.colcon_core.shell:Creating environment hook '/workspaces/citros_px4/example_ws/install/px4_msgs/share/px4_msgs/hook/ld_library_path_lib.ps1'
[108.830s] INFO:colcon.colcon_core.shell:Creating environment descriptor '/workspaces/citros_px4/example_ws/install/px4_msgs/share/px4_msgs/hook/ld_library_path_lib.dsv'
[108.830s] INFO:colcon.colcon_core.shell:Creating environment hook '/workspaces/citros_px4/example_ws/install/px4_msgs/share/px4_msgs/hook/ld_library_path_lib.sh'
[108.830s] Level 1:colcon.colcon_core.environment:checking '/workspaces/citros_px4/example_ws/install/px4_msgs/bin'
[108.830s] Level 1:colcon.colcon_core.environment:checking '/workspaces/citros_px4/example_ws/install/px4_msgs/lib/pkgconfig/px4_msgs.pc'
[108.830s] Level 1:colcon.colcon_core.environment:checking '/workspaces/citros_px4/example_ws/install/px4_msgs/lib/python3.10/site-packages'
[108.830s] Level 1:colcon.colcon_core.environment:checking '/workspaces/citros_px4/example_ws/install/px4_msgs/bin'
[108.831s] INFO:colcon.colcon_core.shell:Creating package script '/workspaces/citros_px4/example_ws/install/px4_msgs/share/px4_msgs/package.ps1'
[108.831s] INFO:colcon.colcon_core.shell:Creating package descriptor '/workspaces/citros_px4/example_ws/install/px4_msgs/share/px4_msgs/package.dsv'
[108.831s] INFO:colcon.colcon_core.shell:Creating package script '/workspaces/citros_px4/example_ws/install/px4_msgs/share/px4_msgs/package.sh'
[108.832s] INFO:colcon.colcon_core.shell:Creating package script '/workspaces/citros_px4/example_ws/install/px4_msgs/share/px4_msgs/package.bash'
[108.832s] INFO:colcon.colcon_core.shell:Creating package script '/workspaces/citros_px4/example_ws/install/px4_msgs/share/px4_msgs/package.zsh'
[108.832s] Level 1:colcon.colcon_core.environment:create_file_with_runtime_dependencies(/workspaces/citros_px4/example_ws/install/px4_msgs/share/colcon-core/packages/px4_msgs)
[108.832s] INFO:colcon.colcon_ros.task.ament_python.build:Building ROS package in '/workspaces/citros_px4/example_ws/src/px4-offboard' with build type 'ament_python'
[108.832s] Level 1:colcon.colcon_core.shell:create_environment_hook('px4_offboard', 'ament_prefix_path')
[108.833s] INFO:colcon.colcon_core.shell:Creating environment hook '/workspaces/citros_px4/example_ws/install/px4_offboard/share/px4_offboard/hook/ament_prefix_path.ps1'
[108.833s] INFO:colcon.colcon_core.shell:Creating environment descriptor '/workspaces/citros_px4/example_ws/install/px4_offboard/share/px4_offboard/hook/ament_prefix_path.dsv'
[108.833s] INFO:colcon.colcon_core.shell:Creating environment hook '/workspaces/citros_px4/example_ws/install/px4_offboard/share/px4_offboard/hook/ament_prefix_path.sh'
[108.834s] INFO:colcon.colcon_core.shell:Skip shell extension 'powershell' for command environment: Not usable outside of PowerShell
[108.834s] DEBUG:colcon.colcon_core.shell:Skip shell extension 'dsv' for command environment
[108.837s] INFO:colcon.colcon_ros.task.ament_cmake.build:Building ROS package in '/workspaces/citros_px4/example_ws/src/px4_ros_com' with build type 'ament_cmake'
[108.837s] INFO:colcon.colcon_cmake.task.cmake.build:Building CMake package in '/workspaces/citros_px4/example_ws/src/px4_ros_com'
[108.838s] INFO:colcon.colcon_core.shell:Skip shell extension 'powershell' for command environment: Not usable outside of PowerShell
[108.838s] DEBUG:colcon.colcon_core.shell:Skip shell extension 'dsv' for command environment
[108.974s] INFO:colcon.colcon_core.task.python.build:Building Python package in '/workspaces/citros_px4/example_ws/src/px4-offboard'
[108.975s] INFO:colcon.colcon_core.shell:Skip shell extension 'powershell' for command environment: Not usable outside of PowerShell
[108.975s] DEBUG:colcon.colcon_core.shell:Skip shell extension 'dsv' for command environment
[108.979s] DEBUG:colcon.colcon_core.event_handler.log_command:Invoking command in '/workspaces/citros_px4/example_ws/build/px4_ros_com': AMENT_PREFIX_PATH=/workspaces/citros_px4/example_ws/install/px4_msgs:${AMENT_PREFIX_PATH} CMAKE_PREFIX_PATH=/workspaces/citros_px4/example_ws/install/px4_msgs:/workspaces/citros_px4/microros_ws/install/micro_ros_setup:/opt/ros/humble LD_LIBRARY_PATH=/workspaces/citros_px4/example_ws/install/px4_msgs/lib:${LD_LIBRARY_PATH} PYTHONPATH=/workspaces/citros_px4/example_ws/install/px4_msgs/local/lib/python3.10/dist-packages:${PYTHONPATH} /usr/bin/cmake /workspaces/citros_px4/example_ws/src/px4_ros_com -DCMAKE_INSTALL_PREFIX=/workspaces/citros_px4/example_ws/install/px4_ros_com
[109.155s] DEBUG:colcon.colcon_core.event_handler.log_command:Invoking command in '/workspaces/citros_px4/example_ws/src/px4-offboard': AMENT_PREFIX_PATH=/workspaces/citros_px4/example_ws/install/px4_msgs:${AMENT_PREFIX_PATH} CMAKE_PREFIX_PATH=/workspaces/citros_px4/example_ws/install/px4_msgs:${CMAKE_PREFIX_PATH} LD_LIBRARY_PATH=/workspaces/citros_px4/example_ws/install/px4_msgs/lib:${LD_LIBRARY_PATH} PYTHONPATH=/workspaces/citros_px4/example_ws/build/px4_offboard/prefix_override:/workspaces/citros_px4/example_ws/install/px4_offboard/lib/python3.10/site-packages:/workspaces/citros_px4/example_ws/install/px4_msgs/local/lib/python3.10/dist-packages:${PYTHONPATH} /usr/bin/python3 setup.py egg_info --egg-base ../../build/px4_offboard build --build-base /workspaces/citros_px4/example_ws/build/px4_offboard/build install --record /workspaces/citros_px4/example_ws/build/px4_offboard/install.log --install-scripts $base/lib/px4_offboard --single-version-externally-managed
[109.308s] Level 1:colcon.colcon_core.environment:checking '/workspaces/citros_px4/example_ws/install/px4_offboard' for CMake module files
[109.308s] DEBUG:colcon.colcon_core.event_handler.log_command:Invoked command in '/workspaces/citros_px4/example_ws/src/px4-offboard' returned '0': AMENT_PREFIX_PATH=/workspaces/citros_px4/example_ws/install/px4_msgs:${AMENT_PREFIX_PATH} CMAKE_PREFIX_PATH=/workspaces/citros_px4/example_ws/install/px4_msgs:${CMAKE_PREFIX_PATH} LD_LIBRARY_PATH=/workspaces/citros_px4/example_ws/install/px4_msgs/lib:${LD_LIBRARY_PATH} PYTHONPATH=/workspaces/citros_px4/example_ws/build/px4_offboard/prefix_override:/workspaces/citros_px4/example_ws/install/px4_offboard/lib/python3.10/site-packages:/workspaces/citros_px4/example_ws/install/px4_msgs/local/lib/python3.10/dist-packages:${PYTHONPATH} /usr/bin/python3 setup.py egg_info --egg-base ../../build/px4_offboard build --build-base /workspaces/citros_px4/example_ws/build/px4_offboard/build install --record /workspaces/citros_px4/example_ws/build/px4_offboard/install.log --install-scripts $base/lib/px4_offboard --single-version-externally-managed
[109.308s] Level 1:colcon.colcon_core.environment:checking '/workspaces/citros_px4/example_ws/install/px4_offboard' for CMake config files
[109.308s] Level 1:colcon.colcon_core.environment:checking '/workspaces/citros_px4/example_ws/install/px4_offboard/lib'
[109.308s] Level 1:colcon.colcon_core.environment:checking '/workspaces/citros_px4/example_ws/install/px4_offboard/bin'
[109.308s] Level 1:colcon.colcon_core.environment:checking '/workspaces/citros_px4/example_ws/install/px4_offboard/lib/pkgconfig/px4_offboard.pc'
[109.309s] Level 1:colcon.colcon_core.environment:checking '/workspaces/citros_px4/example_ws/install/px4_offboard/lib/python3.10/site-packages'
[109.309s] Level 1:colcon.colcon_core.shell:create_environment_hook('px4_offboard', 'pythonpath')
[109.309s] INFO:colcon.colcon_core.shell:Creating environment hook '/workspaces/citros_px4/example_ws/install/px4_offboard/share/px4_offboard/hook/pythonpath.ps1'
[109.310s] INFO:colcon.colcon_core.shell:Creating environment descriptor '/workspaces/citros_px4/example_ws/install/px4_offboard/share/px4_offboard/hook/pythonpath.dsv'
[109.310s] INFO:colcon.colcon_core.shell:Creating environment hook '/workspaces/citros_px4/example_ws/install/px4_offboard/share/px4_offboard/hook/pythonpath.sh'
[109.310s] Level 1:colcon.colcon_core.environment:checking '/workspaces/citros_px4/example_ws/install/px4_offboard/bin'
[109.310s] Level 1:colcon.colcon_core.environment:create_environment_scripts_only(px4_offboard)
[109.311s] INFO:colcon.colcon_core.shell:Creating package script '/workspaces/citros_px4/example_ws/install/px4_offboard/share/px4_offboard/package.ps1'
[109.311s] INFO:colcon.colcon_core.shell:Creating package descriptor '/workspaces/citros_px4/example_ws/install/px4_offboard/share/px4_offboard/package.dsv'
[109.311s] INFO:colcon.colcon_core.shell:Creating package script '/workspaces/citros_px4/example_ws/install/px4_offboard/share/px4_offboard/package.sh'
[109.311s] INFO:colcon.colcon_core.shell:Creating package script '/workspaces/citros_px4/example_ws/install/px4_offboard/share/px4_offboard/package.bash'
[109.311s] INFO:colcon.colcon_core.shell:Creating package script '/workspaces/citros_px4/example_ws/install/px4_offboard/share/px4_offboard/package.zsh'
[109.311s] Level 1:colcon.colcon_core.environment:create_file_with_runtime_dependencies(/workspaces/citros_px4/example_ws/install/px4_offboard/share/colcon-core/packages/px4_offboard)
[109.828s] DEBUG:colcon.colcon_core.event_handler.log_command:Invoked command in '/workspaces/citros_px4/example_ws/build/px4_ros_com' returned '0': AMENT_PREFIX_PATH=/workspaces/citros_px4/example_ws/install/px4_msgs:${AMENT_PREFIX_PATH} CMAKE_PREFIX_PATH=/workspaces/citros_px4/example_ws/install/px4_msgs:/workspaces/citros_px4/microros_ws/install/micro_ros_setup:/opt/ros/humble LD_LIBRARY_PATH=/workspaces/citros_px4/example_ws/install/px4_msgs/lib:${LD_LIBRARY_PATH} PYTHONPATH=/workspaces/citros_px4/example_ws/install/px4_msgs/local/lib/python3.10/dist-packages:${PYTHONPATH} /usr/bin/cmake /workspaces/citros_px4/example_ws/src/px4_ros_com -DCMAKE_INSTALL_PREFIX=/workspaces/citros_px4/example_ws/install/px4_ros_com
[109.829s] DEBUG:colcon.colcon_core.event_handler.log_command:Invoking command in '/workspaces/citros_px4/example_ws/build/px4_ros_com': AMENT_PREFIX_PATH=/workspaces/citros_px4/example_ws/install/px4_msgs:${AMENT_PREFIX_PATH} CMAKE_PREFIX_PATH=/workspaces/citros_px4/example_ws/install/px4_msgs:/workspaces/citros_px4/microros_ws/install/micro_ros_setup:/opt/ros/humble LD_LIBRARY_PATH=/workspaces/citros_px4/example_ws/install/px4_msgs/lib:${LD_LIBRARY_PATH} PYTHONPATH=/workspaces/citros_px4/example_ws/install/px4_msgs/local/lib/python3.10/dist-packages:${PYTHONPATH} /usr/bin/cmake --build /workspaces/citros_px4/example_ws/build/px4_ros_com -- -j20 -l20
[114.926s] DEBUG:colcon.colcon_core.event_handler.log_command:Invoked command in '/workspaces/citros_px4/example_ws/build/px4_ros_com' returned '0': AMENT_PREFIX_PATH=/workspaces/citros_px4/example_ws/install/px4_msgs:${AMENT_PREFIX_PATH} CMAKE_PREFIX_PATH=/workspaces/citros_px4/example_ws/install/px4_msgs:/workspaces/citros_px4/microros_ws/install/micro_ros_setup:/opt/ros/humble LD_LIBRARY_PATH=/workspaces/citros_px4/example_ws/install/px4_msgs/lib:${LD_LIBRARY_PATH} PYTHONPATH=/workspaces/citros_px4/example_ws/install/px4_msgs/local/lib/python3.10/dist-packages:${PYTHONPATH} /usr/bin/cmake --build /workspaces/citros_px4/example_ws/build/px4_ros_com -- -j20 -l20
[114.945s] DEBUG:colcon.colcon_core.event_handler.log_command:Invoking command in '/workspaces/citros_px4/example_ws/build/px4_ros_com': AMENT_PREFIX_PATH=/workspaces/citros_px4/example_ws/install/px4_msgs:${AMENT_PREFIX_PATH} CMAKE_PREFIX_PATH=/workspaces/citros_px4/example_ws/install/px4_msgs:/workspaces/citros_px4/microros_ws/install/micro_ros_setup:/opt/ros/humble LD_LIBRARY_PATH=/workspaces/citros_px4/example_ws/install/px4_msgs/lib:${LD_LIBRARY_PATH} PYTHONPATH=/workspaces/citros_px4/example_ws/install/px4_msgs/local/lib/python3.10/dist-packages:${PYTHONPATH} /usr/bin/cmake --install /workspaces/citros_px4/example_ws/build/px4_ros_com
[114.958s] Level 1:colcon.colcon_core.environment:create_environment_scripts_only(px4_ros_com)
[114.959s] Level 1:colcon.colcon_core.environment:checking '/workspaces/citros_px4/example_ws/install/px4_ros_com' for CMake module files
[114.959s] DEBUG:colcon.colcon_core.event_handler.log_command:Invoked command in '/workspaces/citros_px4/example_ws/build/px4_ros_com' returned '0': AMENT_PREFIX_PATH=/workspaces/citros_px4/example_ws/install/px4_msgs:${AMENT_PREFIX_PATH} CMAKE_PREFIX_PATH=/workspaces/citros_px4/example_ws/install/px4_msgs:/workspaces/citros_px4/microros_ws/install/micro_ros_setup:/opt/ros/humble LD_LIBRARY_PATH=/workspaces/citros_px4/example_ws/install/px4_msgs/lib:${LD_LIBRARY_PATH} PYTHONPATH=/workspaces/citros_px4/example_ws/install/px4_msgs/local/lib/python3.10/dist-packages:${PYTHONPATH} /usr/bin/cmake --install /workspaces/citros_px4/example_ws/build/px4_ros_com
[114.959s] Level 1:colcon.colcon_core.environment:checking '/workspaces/citros_px4/example_ws/install/px4_ros_com' for CMake config files
[114.959s] Level 1:colcon.colcon_core.shell:create_environment_hook('px4_ros_com', 'cmake_prefix_path')
[114.960s] INFO:colcon.colcon_core.shell:Creating environment hook '/workspaces/citros_px4/example_ws/install/px4_ros_com/share/px4_ros_com/hook/cmake_prefix_path.ps1'
[114.960s] INFO:colcon.colcon_core.shell:Creating environment descriptor '/workspaces/citros_px4/example_ws/install/px4_ros_com/share/px4_ros_com/hook/cmake_prefix_path.dsv'
[114.960s] INFO:colcon.colcon_core.shell:Creating environment hook '/workspaces/citros_px4/example_ws/install/px4_ros_com/share/px4_ros_com/hook/cmake_prefix_path.sh'
[114.960s] Level 1:colcon.colcon_core.environment:checking '/workspaces/citros_px4/example_ws/install/px4_ros_com/lib'
[114.960s] Level 1:colcon.colcon_core.shell:create_environment_hook('px4_ros_com', 'ld_library_path_lib')
[114.961s] INFO:colcon.colcon_core.shell:Creating environment hook '/workspaces/citros_px4/example_ws/install/px4_ros_com/share/px4_ros_com/hook/ld_library_path_lib.ps1'
[114.961s] INFO:colcon.colcon_core.shell:Creating environment descriptor '/workspaces/citros_px4/example_ws/install/px4_ros_com/share/px4_ros_com/hook/ld_library_path_lib.dsv'
[114.961s] INFO:colcon.colcon_core.shell:Creating environment hook '/workspaces/citros_px4/example_ws/install/px4_ros_com/share/px4_ros_com/hook/ld_library_path_lib.sh'
[114.961s] Level 1:colcon.colcon_core.environment:checking '/workspaces/citros_px4/example_ws/install/px4_ros_com/bin'
[114.961s] Level 1:colcon.colcon_core.environment:checking '/workspaces/citros_px4/example_ws/install/px4_ros_com/lib/pkgconfig/px4_ros_com.pc'
[114.962s] Level 1:colcon.colcon_core.environment:checking '/workspaces/citros_px4/example_ws/install/px4_ros_com/lib/python3.10/site-packages'
[114.962s] Level 1:colcon.colcon_core.environment:checking '/workspaces/citros_px4/example_ws/install/px4_ros_com/bin'
[114.962s] INFO:colcon.colcon_core.shell:Creating package script '/workspaces/citros_px4/example_ws/install/px4_ros_com/share/px4_ros_com/package.ps1'
[114.962s] INFO:colcon.colcon_core.shell:Creating package descriptor '/workspaces/citros_px4/example_ws/install/px4_ros_com/share/px4_ros_com/package.dsv'
[114.963s] INFO:colcon.colcon_core.shell:Creating package script '/workspaces/citros_px4/example_ws/install/px4_ros_com/share/px4_ros_com/package.sh'
[114.963s] INFO:colcon.colcon_core.shell:Creating package script '/workspaces/citros_px4/example_ws/install/px4_ros_com/share/px4_ros_com/package.bash'
[114.963s] INFO:colcon.colcon_core.shell:Creating package script '/workspaces/citros_px4/example_ws/install/px4_ros_com/share/px4_ros_com/package.zsh'
[114.963s] Level 1:colcon.colcon_core.environment:create_file_with_runtime_dependencies(/workspaces/citros_px4/example_ws/install/px4_ros_com/share/colcon-core/packages/px4_ros_com)
[114.980s] Level 1:colcon.colcon_core.environment:create_environment_scripts_only(px4_ros_com)
[114.981s] Level 1:colcon.colcon_core.environment:checking '/workspaces/citros_px4/example_ws/install/px4_ros_com' for CMake module files
[114.981s] Level 1:colcon.colcon_core.environment:checking '/workspaces/citros_px4/example_ws/install/px4_ros_com' for CMake config files
[114.981s] Level 1:colcon.colcon_core.shell:create_environment_hook('px4_ros_com', 'cmake_prefix_path')
[114.981s] INFO:colcon.colcon_core.shell:Creating environment hook '/workspaces/citros_px4/example_ws/install/px4_ros_com/share/px4_ros_com/hook/cmake_prefix_path.ps1'
[114.982s] INFO:colcon.colcon_core.shell:Creating environment descriptor '/workspaces/citros_px4/example_ws/install/px4_ros_com/share/px4_ros_com/hook/cmake_prefix_path.dsv'
[114.982s] INFO:colcon.colcon_core.shell:Creating environment hook '/workspaces/citros_px4/example_ws/install/px4_ros_com/share/px4_ros_com/hook/cmake_prefix_path.sh'
[114.982s] Level 1:colcon.colcon_core.environment:checking '/workspaces/citros_px4/example_ws/install/px4_ros_com/lib'
[114.982s] Level 1:colcon.colcon_core.shell:create_environment_hook('px4_ros_com', 'ld_library_path_lib')
[114.983s] INFO:colcon.colcon_core.shell:Creating environment hook '/workspaces/citros_px4/example_ws/install/px4_ros_com/share/px4_ros_com/hook/ld_library_path_lib.ps1'
[114.983s] INFO:colcon.colcon_core.shell:Creating environment descriptor '/workspaces/citros_px4/example_ws/install/px4_ros_com/share/px4_ros_com/hook/ld_library_path_lib.dsv'
[114.983s] INFO:colcon.colcon_core.shell:Creating environment hook '/workspaces/citros_px4/example_ws/install/px4_ros_com/share/px4_ros_com/hook/ld_library_path_lib.sh'
[114.983s] Level 1:colcon.colcon_core.environment:checking '/workspaces/citros_px4/example_ws/install/px4_ros_com/bin'
[114.983s] Level 1:colcon.colcon_core.environment:checking '/workspaces/citros_px4/example_ws/install/px4_ros_com/lib/pkgconfig/px4_ros_com.pc'
[114.983s] Level 1:colcon.colcon_core.environment:checking '/workspaces/citros_px4/example_ws/install/px4_ros_com/lib/python3.10/site-packages'
[114.984s] Level 1:colcon.colcon_core.environment:checking '/workspaces/citros_px4/example_ws/install/px4_ros_com/bin'
[114.984s] INFO:colcon.colcon_core.shell:Creating package script '/workspaces/citros_px4/example_ws/install/px4_ros_com/share/px4_ros_com/package.ps1'
[114.984s] INFO:colcon.colcon_core.shell:Creating package descriptor '/workspaces/citros_px4/example_ws/install/px4_ros_com/share/px4_ros_com/package.dsv'
[114.985s] INFO:colcon.colcon_core.shell:Creating package script '/workspaces/citros_px4/example_ws/install/px4_ros_com/share/px4_ros_com/package.sh'
[114.985s] INFO:colcon.colcon_core.shell:Creating package script '/workspaces/citros_px4/example_ws/install/px4_ros_com/share/px4_ros_com/package.bash'
[114.985s] INFO:colcon.colcon_core.shell:Creating package script '/workspaces/citros_px4/example_ws/install/px4_ros_com/share/px4_ros_com/package.zsh'
[114.985s] Level 1:colcon.colcon_core.environment:create_file_with_runtime_dependencies(/workspaces/citros_px4/example_ws/install/px4_ros_com/share/colcon-core/packages/px4_ros_com)
[114.985s] DEBUG:colcon.colcon_parallel_executor.executor.parallel:closing loop
[114.985s] DEBUG:colcon.colcon_parallel_executor.executor.parallel:loop closed
[114.985s] DEBUG:colcon.colcon_parallel_executor.executor.parallel:run_until_complete finished with '0'
[114.985s] DEBUG:colcon.colcon_core.event_reactor:joining thread
[114.989s] INFO:colcon.colcon_core.plugin_system:Skipping extension 'colcon_notification.desktop_notification.notify_send': Could not find 'notify-send'
[114.989s] INFO:colcon.colcon_core.plugin_system:Skipping extension 'colcon_notification.desktop_notification.terminal_notifier': Not used on non-Darwin systems
[114.989s] INFO:colcon.colcon_core.plugin_system:Skipping extension 'colcon_notification.desktop_notification.win32': Not used on non-Windows systems
[114.989s] INFO:colcon.colcon_notification.desktop_notification:Sending desktop notification using 'notify2'
[114.991s] DEBUG:colcon.colcon_notification.desktop_notification.notify2:Failed to initialize notify2: org.freedesktop.DBus.Error.Spawn.ExecFailed: /usr/bin/dbus-launch terminated abnormally without any error message
[114.991s] DEBUG:colcon.colcon_core.event_reactor:joined thread
[114.992s] INFO:colcon.colcon_core.shell:Creating prefix script '/workspaces/citros_px4/example_ws/install/local_setup.ps1'
[114.993s] INFO:colcon.colcon_core.shell:Creating prefix util module '/workspaces/citros_px4/example_ws/install/_local_setup_util_ps1.py'
[114.993s] INFO:colcon.colcon_core.shell:Creating prefix chain script '/workspaces/citros_px4/example_ws/install/setup.ps1'
[114.994s] INFO:colcon.colcon_core.shell:Creating prefix script '/workspaces/citros_px4/example_ws/install/local_setup.sh'
[114.994s] INFO:colcon.colcon_core.shell:Creating prefix util module '/workspaces/citros_px4/example_ws/install/_local_setup_util_sh.py'
[114.994s] INFO:colcon.colcon_core.shell:Creating prefix chain script '/workspaces/citros_px4/example_ws/install/setup.sh'
[114.995s] INFO:colcon.colcon_core.shell:Creating prefix script '/workspaces/citros_px4/example_ws/install/local_setup.bash'
[114.995s] INFO:colcon.colcon_core.shell:Creating prefix chain script '/workspaces/citros_px4/example_ws/install/setup.bash'
[114.996s] INFO:colcon.colcon_core.shell:Creating prefix script '/workspaces/citros_px4/example_ws/install/local_setup.zsh'
[114.996s] INFO:colcon.colcon_core.shell:Creating prefix chain script '/workspaces/citros_px4/example_ws/install/setup.zsh'
